<?xml version="1.0" encoding="UTF-8"?>
<coverage generated="1746369903060" clover="3.2.0">
  <project timestamp="1746369903060" name="All files">
    <metrics statements="724" coveredstatements="1" conditionals="500" coveredconditionals="0" methods="92" coveredmethods="0" elements="1316" coveredelements="1" complexity="0" loc="724" ncloc="724" packages="1" files="1" classes="1"/>
    <file name="datepicker-tabs.js" path="/srv/www/petprojects/datapicker/datapicker-tabs/src/assets/js/datepicker-tabs.js">
      <metrics statements="724" coveredstatements="1" conditionals="500" coveredconditionals="0" methods="92" coveredmethods="0"/>
      <line num="127" count="0" type="stmt"/>
      <line num="157" count="0" type="stmt"/>
      <line num="160" count="0" type="stmt"/>
      <line num="163" count="0" type="cond" truecount="0" falsecount="2"/>
      <line num="164" count="0" type="stmt"/>
      <line num="167" count="0" type="cond" truecount="0" falsecount="2"/>
      <line num="168" count="0" type="stmt"/>
      <line num="169" count="0" type="stmt"/>
      <line num="171" count="0" type="stmt"/>
      <line num="172" count="0" type="stmt"/>
      <line num="175" count="0" type="stmt"/>
      <line num="176" count="0" type="cond" truecount="0" falsecount="2"/>
      <line num="178" count="0" type="stmt"/>
      <line num="180" count="0" type="stmt"/>
      <line num="181" count="0" type="stmt"/>
      <line num="183" count="0" type="cond" truecount="0" falsecount="2"/>
      <line num="185" count="0" type="stmt"/>
      <line num="187" count="0" type="stmt"/>
      <line num="188" count="0" type="stmt"/>
      <line num="192" count="0" type="cond" truecount="0" falsecount="2"/>
      <line num="193" count="0" type="stmt"/>
      <line num="196" count="0" type="stmt"/>
      <line num="197" count="0" type="stmt"/>
      <line num="198" count="0" type="stmt"/>
      <line num="199" count="0" type="stmt"/>
      <line num="202" count="0" type="stmt"/>
      <line num="205" count="0" type="stmt"/>
      <line num="208" count="0" type="cond" truecount="0" falsecount="2"/>
      <line num="209" count="0" type="cond" truecount="0" falsecount="2"/>
      <line num="210" count="0" type="stmt"/>
      <line num="211" count="0" type="stmt"/>
      <line num="214" count="0" type="cond" truecount="0" falsecount="4"/>
      <line num="215" count="0" type="stmt"/>
      <line num="219" count="0" type="cond" truecount="0" falsecount="4"/>
      <line num="220" count="0" type="stmt"/>
      <line num="221" count="0" type="stmt"/>
      <line num="228" count="0" type="cond" truecount="0" falsecount="2"/>
      <line num="229" count="0" type="stmt"/>
      <line num="230" count="0" type="stmt"/>
      <line num="231" count="0" type="cond" truecount="0" falsecount="2"/>
      <line num="232" count="0" type="stmt"/>
      <line num="233" count="0" type="stmt"/>
      <line num="237" count="0" type="cond" truecount="0" falsecount="2"/>
      <line num="238" count="0" type="stmt"/>
      <line num="241" count="0" type="cond" truecount="0" falsecount="5"/>
      <line num="242" count="0" type="cond" truecount="0" falsecount="2"/>
      <line num="243" count="0" type="stmt"/>
      <line num="244" count="0" type="cond" truecount="0" falsecount="2"/>
      <line num="245" count="0" type="stmt"/>
      <line num="246" count="0" type="stmt"/>
      <line num="248" count="0" type="cond" truecount="0" falsecount="2"/>
      <line num="249" count="0" type="stmt"/>
      <line num="250" count="0" type="cond" truecount="0" falsecount="2"/>
      <line num="251" count="0" type="stmt"/>
      <line num="252" count="0" type="stmt"/>
      <line num="253" count="0" type="stmt"/>
      <line num="259" count="0" type="stmt"/>
      <line num="269" count="0" type="cond" truecount="0" falsecount="2"/>
      <line num="272" count="0" type="cond" truecount="0" falsecount="4"/>
      <line num="273" count="0" type="stmt"/>
      <line num="274" count="0" type="cond" truecount="0" falsecount="2"/>
      <line num="275" count="0" type="stmt"/>
      <line num="280" count="0" type="cond" truecount="0" falsecount="4"/>
      <line num="282" count="0" type="stmt"/>
      <line num="286" count="0" type="cond" truecount="0" falsecount="2"/>
      <line num="287" count="0" type="stmt"/>
      <line num="289" count="0" type="cond" truecount="0" falsecount="2"/>
      <line num="291" count="0" type="stmt"/>
      <line num="292" count="0" type="stmt"/>
      <line num="293" count="0" type="cond" truecount="0" falsecount="2"/>
      <line num="294" count="0" type="stmt"/>
      <line num="295" count="0" type="cond" truecount="0" falsecount="2"/>
      <line num="300" count="0" type="cond" truecount="0" falsecount="2"/>
      <line num="303" count="0" type="stmt"/>
      <line num="307" count="0" type="stmt"/>
      <line num="309" count="0" type="stmt"/>
      <line num="310" count="0" type="stmt"/>
      <line num="312" count="0" type="stmt"/>
      <line num="316" count="0" type="stmt"/>
      <line num="323" count="0" type="cond" truecount="0" falsecount="4"/>
      <line num="326" count="0" type="stmt"/>
      <line num="330" count="0" type="stmt"/>
      <line num="331" count="0" type="stmt"/>
      <line num="334" count="0" type="stmt"/>
      <line num="335" count="0" type="stmt"/>
      <line num="338" count="0" type="stmt"/>
      <line num="339" count="0" type="cond" truecount="0" falsecount="2"/>
      <line num="340" count="0" type="stmt"/>
      <line num="341" count="0" type="stmt"/>
      <line num="345" count="0" type="cond" truecount="0" falsecount="2"/>
      <line num="347" count="0" type="stmt"/>
      <line num="351" count="0" type="stmt"/>
      <line num="352" count="0" type="stmt"/>
      <line num="355" count="0" type="cond" truecount="0" falsecount="2"/>
      <line num="356" count="0" type="stmt"/>
      <line num="360" count="0" type="stmt"/>
      <line num="361" count="0" type="stmt"/>
      <line num="362" count="0" type="stmt"/>
      <line num="364" count="0" type="stmt"/>
      <line num="365" count="0" type="stmt"/>
      <line num="366" count="0" type="stmt"/>
      <line num="369" count="0" type="cond" truecount="0" falsecount="4"/>
      <line num="370" count="0" type="stmt"/>
      <line num="371" count="0" type="cond" truecount="0" falsecount="2"/>
      <line num="373" count="0" type="cond" truecount="0" falsecount="4"/>
      <line num="374" count="0" type="stmt"/>
      <line num="375" count="0" type="cond" truecount="0" falsecount="2"/>
      <line num="377" count="0" type="cond" truecount="0" falsecount="2"/>
      <line num="378" count="0" type="stmt"/>
      <line num="379" count="0" type="cond" truecount="0" falsecount="2"/>
      <line num="381" count="0" type="cond" truecount="0" falsecount="2"/>
      <line num="382" count="0" type="stmt"/>
      <line num="383" count="0" type="cond" truecount="0" falsecount="2"/>
      <line num="386" count="0" type="stmt"/>
      <line num="387" count="0" type="stmt"/>
      <line num="389" count="0" type="cond" truecount="0" falsecount="2"/>
      <line num="390" count="0" type="stmt"/>
      <line num="392" count="0" type="stmt"/>
      <line num="395" count="0" type="cond" truecount="0" falsecount="2"/>
      <line num="396" count="0" type="stmt"/>
      <line num="397" count="0" type="stmt"/>
      <line num="400" count="0" type="stmt"/>
      <line num="401" count="0" type="cond" truecount="0" falsecount="2"/>
      <line num="402" count="0" type="stmt"/>
      <line num="403" count="0" type="stmt"/>
      <line num="407" count="0" type="cond" truecount="0" falsecount="2"/>
      <line num="409" count="0" type="cond" truecount="0" falsecount="2"/>
      <line num="410" count="0" type="stmt"/>
      <line num="411" count="0" type="stmt"/>
      <line num="414" count="0" type="stmt"/>
      <line num="415" count="0" type="cond" truecount="0" falsecount="2"/>
      <line num="416" count="0" type="stmt"/>
      <line num="417" count="0" type="stmt"/>
      <line num="421" count="0" type="cond" truecount="0" falsecount="2"/>
      <line num="426" count="0" type="cond" truecount="0" falsecount="7"/>
      <line num="427" count="0" type="stmt"/>
      <line num="431" count="0" type="stmt"/>
      <line num="434" count="0" type="cond" truecount="0" falsecount="5"/>
      <line num="435" count="0" type="stmt"/>
      <line num="438" count="0" type="stmt"/>
      <line num="447" count="0" type="cond" truecount="0" falsecount="3"/>
      <line num="454" count="0" type="cond" truecount="0" falsecount="2"/>
      <line num="457" count="0" type="cond" truecount="0" falsecount="2"/>
      <line num="462" count="0" type="stmt"/>
      <line num="465" count="0" type="stmt"/>
      <line num="467" count="0" type="stmt"/>
      <line num="468" count="0" type="cond" truecount="0" falsecount="2"/>
      <line num="470" count="0" type="stmt"/>
      <line num="477" count="0" type="cond" truecount="0" falsecount="2"/>
      <line num="480" count="0" type="stmt"/>
      <line num="483" count="0" type="stmt"/>
      <line num="486" count="0" type="stmt"/>
      <line num="487" count="0" type="cond" truecount="0" falsecount="4"/>
      <line num="488" count="0" type="stmt"/>
      <line num="496" count="0" type="stmt"/>
      <line num="497" count="0" type="stmt"/>
      <line num="499" count="0" type="cond" truecount="0" falsecount="2"/>
      <line num="500" count="0" type="stmt"/>
      <line num="501" count="0" type="stmt"/>
      <line num="504" count="0" type="stmt"/>
      <line num="505" count="0" type="stmt"/>
      <line num="508" count="0" type="cond" truecount="0" falsecount="4"/>
      <line num="509" count="0" type="stmt"/>
      <line num="517" count="0" type="stmt"/>
      <line num="518" count="0" type="stmt"/>
      <line num="520" count="0" type="cond" truecount="0" falsecount="2"/>
      <line num="521" count="0" type="stmt"/>
      <line num="522" count="0" type="stmt"/>
      <line num="524" count="0" type="cond" truecount="0" falsecount="5"/>
      <line num="525" count="0" type="stmt"/>
      <line num="532" count="0" type="stmt"/>
      <line num="534" count="0" type="stmt"/>
      <line num="543" count="0" type="stmt"/>
      <line num="546" count="0" type="stmt"/>
      <line num="558" count="0" type="cond" truecount="0" falsecount="5"/>
      <line num="563" count="0" type="cond" truecount="0" falsecount="4"/>
      <line num="564" count="0" type="stmt"/>
      <line num="565" count="0" type="stmt"/>
      <line num="567" count="0" type="cond" truecount="0" falsecount="2"/>
      <line num="569" count="0" type="stmt"/>
      <line num="570" count="0" type="stmt"/>
      <line num="573" count="0" type="stmt"/>
      <line num="579" count="0" type="stmt"/>
      <line num="580" count="0" type="stmt"/>
      <line num="581" count="0" type="stmt"/>
      <line num="584" count="0" type="stmt"/>
      <line num="587" count="0" type="stmt"/>
      <line num="588" count="0" type="stmt"/>
      <line num="591" count="0" type="stmt"/>
      <line num="592" count="0" type="stmt"/>
      <line num="595" count="0" type="stmt"/>
      <line num="597" count="0" type="stmt"/>
      <line num="600" count="0" type="stmt"/>
      <line num="602" count="0" type="stmt"/>
      <line num="604" count="0" type="stmt"/>
      <line num="613" count="0" type="cond" truecount="0" falsecount="2"/>
      <line num="615" count="0" type="stmt"/>
      <line num="616" count="0" type="cond" truecount="0" falsecount="2"/>
      <line num="619" count="0" type="stmt"/>
      <line num="620" count="0" type="stmt"/>
      <line num="621" count="0" type="stmt"/>
      <line num="622" count="0" type="stmt"/>
      <line num="623" count="0" type="stmt"/>
      <line num="626" count="0" type="stmt"/>
      <line num="627" count="0" type="cond" truecount="0" falsecount="2"/>
      <line num="630" count="0" type="cond" truecount="0" falsecount="2"/>
      <line num="631" count="0" type="cond" truecount="0" falsecount="2"/>
      <line num="634" count="0" type="stmt"/>
      <line num="637" count="0" type="cond" truecount="0" falsecount="2"/>
      <line num="638" count="0" type="stmt"/>
      <line num="642" count="0" type="cond" truecount="0" falsecount="2"/>
      <line num="643" count="0" type="stmt"/>
      <line num="648" count="0" type="cond" truecount="0" falsecount="4"/>
      <line num="650" count="0" type="stmt"/>
      <line num="653" count="0" type="cond" truecount="0" falsecount="2"/>
      <line num="654" count="0" type="stmt"/>
      <line num="658" count="0" type="stmt"/>
      <line num="661" count="0" type="cond" truecount="0" falsecount="4"/>
      <line num="662" count="0" type="stmt"/>
      <line num="667" count="0" type="stmt"/>
      <line num="668" count="0" type="stmt"/>
      <line num="669" count="0" type="stmt"/>
      <line num="670" count="0" type="stmt"/>
      <line num="677" count="0" type="stmt"/>
      <line num="678" count="0" type="stmt"/>
      <line num="681" count="0" type="cond" truecount="0" falsecount="2"/>
      <line num="682" count="0" type="stmt"/>
      <line num="686" count="0" type="stmt"/>
      <line num="689" count="0" type="stmt"/>
      <line num="690" count="0" type="cond" truecount="0" falsecount="6"/>
      <line num="693" count="0" type="stmt"/>
      <line num="703" count="0" type="stmt"/>
      <line num="705" count="0" type="stmt"/>
      <line num="708" count="0" type="stmt"/>
      <line num="709" count="0" type="stmt"/>
      <line num="710" count="0" type="cond" truecount="0" falsecount="2"/>
      <line num="711" count="0" type="stmt"/>
      <line num="713" count="0" type="stmt"/>
      <line num="718" count="0" type="stmt"/>
      <line num="721" count="0" type="cond" truecount="0" falsecount="2"/>
      <line num="722" count="0" type="stmt"/>
      <line num="730" count="0" type="cond" truecount="0" falsecount="2"/>
      <line num="732" count="0" type="cond" truecount="0" falsecount="2"/>
      <line num="733" count="0" type="cond" truecount="0" falsecount="2"/>
      <line num="734" count="0" type="stmt"/>
      <line num="735" count="0" type="cond" truecount="0" falsecount="2"/>
      <line num="736" count="0" type="stmt"/>
      <line num="737" count="0" type="stmt"/>
      <line num="739" count="0" type="stmt"/>
      <line num="741" count="0" type="stmt"/>
      <line num="747" count="0" type="cond" truecount="0" falsecount="2"/>
      <line num="748" count="0" type="stmt"/>
      <line num="749" count="0" type="cond" truecount="0" falsecount="2"/>
      <line num="750" count="0" type="stmt"/>
      <line num="751" count="0" type="stmt"/>
      <line num="753" count="0" type="stmt"/>
      <line num="755" count="0" type="stmt"/>
      <line num="756" count="0" type="stmt"/>
      <line num="768" count="0" type="cond" truecount="0" falsecount="2"/>
      <line num="773" count="0" type="cond" truecount="0" falsecount="4"/>
      <line num="774" count="0" type="cond" truecount="0" falsecount="2"/>
      <line num="775" count="0" type="stmt"/>
      <line num="777" count="0" type="cond" truecount="0" falsecount="2"/>
      <line num="778" count="0" type="stmt"/>
      <line num="779" count="0" type="stmt"/>
      <line num="783" count="0" type="stmt"/>
      <line num="784" count="0" type="stmt"/>
      <line num="786" count="0" type="cond" truecount="0" falsecount="2"/>
      <line num="787" count="0" type="stmt"/>
      <line num="788" count="0" type="cond" truecount="0" falsecount="2"/>
      <line num="789" count="0" type="stmt"/>
      <line num="791" count="0" type="stmt"/>
      <line num="792" count="0" type="stmt"/>
      <line num="819" count="0" type="stmt"/>
      <line num="820" count="0" type="cond" truecount="0" falsecount="2"/>
      <line num="821" count="0" type="stmt"/>
      <line num="822" count="0" type="stmt"/>
      <line num="825" count="0" type="stmt"/>
      <line num="826" count="0" type="stmt"/>
      <line num="830" count="0" type="stmt"/>
      <line num="831" count="0" type="cond" truecount="0" falsecount="2"/>
      <line num="832" count="0" type="stmt"/>
      <line num="836" count="0" type="stmt"/>
      <line num="839" count="0" type="stmt"/>
      <line num="840" count="0" type="stmt"/>
      <line num="848" count="0" type="cond" truecount="0" falsecount="4"/>
      <line num="851" count="0" type="stmt"/>
      <line num="852" count="0" type="cond" truecount="0" falsecount="2"/>
      <line num="853" count="0" type="stmt"/>
      <line num="854" count="0" type="stmt"/>
      <line num="857" count="0" type="cond" truecount="0" falsecount="2"/>
      <line num="858" count="0" type="stmt"/>
      <line num="862" count="0" type="stmt"/>
      <line num="863" count="0" type="stmt"/>
      <line num="869" count="0" type="cond" truecount="0" falsecount="2"/>
      <line num="871" count="0" type="stmt"/>
      <line num="872" count="0" type="stmt"/>
      <line num="873" count="0" type="stmt"/>
      <line num="878" count="0" type="stmt"/>
      <line num="879" count="0" type="stmt"/>
      <line num="880" count="0" type="stmt"/>
      <line num="882" count="0" type="stmt"/>
      <line num="883" count="0" type="stmt"/>
      <line num="884" count="0" type="cond" truecount="0" falsecount="2"/>
      <line num="885" count="0" type="stmt"/>
      <line num="888" count="0" type="stmt"/>
      <line num="893" count="0" type="stmt"/>
      <line num="894" count="0" type="cond" truecount="0" falsecount="5"/>
      <line num="895" count="0" type="stmt"/>
      <line num="903" count="0" type="stmt"/>
      <line num="904" count="0" type="stmt"/>
      <line num="907" count="0" type="cond" truecount="0" falsecount="2"/>
      <line num="908" count="0" type="stmt"/>
      <line num="909" count="0" type="stmt"/>
      <line num="913" count="0" type="cond" truecount="0" falsecount="2"/>
      <line num="914" count="0" type="stmt"/>
      <line num="915" count="0" type="stmt"/>
      <line num="918" count="0" type="stmt"/>
      <line num="926" count="0" type="cond" truecount="0" falsecount="2"/>
      <line num="927" count="0" type="stmt"/>
      <line num="928" count="0" type="stmt"/>
      <line num="929" count="0" type="stmt"/>
      <line num="931" count="0" type="cond" truecount="0" falsecount="5"/>
      <line num="932" count="0" type="stmt"/>
      <line num="937" count="0" type="cond" truecount="0" falsecount="2"/>
      <line num="938" count="0" type="stmt"/>
      <line num="939" count="0" type="stmt"/>
      <line num="940" count="0" type="stmt"/>
      <line num="942" count="0" type="cond" truecount="0" falsecount="5"/>
      <line num="943" count="0" type="stmt"/>
      <line num="947" count="0" type="stmt"/>
      <line num="953" count="0" type="stmt"/>
      <line num="955" count="0" type="cond" truecount="0" falsecount="2"/>
      <line num="957" count="0" type="stmt"/>
      <line num="958" count="0" type="stmt"/>
      <line num="961" count="0" type="stmt"/>
      <line num="968" count="0" type="cond" truecount="0" falsecount="2"/>
      <line num="969" count="0" type="stmt"/>
      <line num="978" count="0" type="stmt"/>
      <line num="979" count="0" type="stmt"/>
      <line num="981" count="0" type="cond" truecount="0" falsecount="2"/>
      <line num="982" count="0" type="stmt"/>
      <line num="984" count="0" type="stmt"/>
      <line num="987" count="0" type="stmt"/>
      <line num="990" count="0" type="stmt"/>
      <line num="997" count="0" type="stmt"/>
      <line num="1000" count="0" type="stmt"/>
      <line num="1001" count="0" type="cond" truecount="0" falsecount="2"/>
      <line num="1002" count="0" type="cond" truecount="0" falsecount="2"/>
      <line num="1006" count="0" type="stmt"/>
      <line num="1007" count="0" type="cond" truecount="0" falsecount="2"/>
      <line num="1008" count="0" type="stmt"/>
      <line num="1009" count="0" type="stmt"/>
      <line num="1011" count="0" type="cond" truecount="0" falsecount="4"/>
      <line num="1012" count="0" type="cond" truecount="0" falsecount="2"/>
      <line num="1013" count="0" type="stmt"/>
      <line num="1014" count="0" type="stmt"/>
      <line num="1016" count="0" type="stmt"/>
      <line num="1017" count="0" type="stmt"/>
      <line num="1023" count="0" type="stmt"/>
      <line num="1024" count="0" type="cond" truecount="0" falsecount="2"/>
      <line num="1025" count="0" type="cond" truecount="0" falsecount="2"/>
      <line num="1034" count="0" type="stmt"/>
      <line num="1035" count="0" type="stmt"/>
      <line num="1038" count="0" type="stmt"/>
      <line num="1041" count="0" type="stmt"/>
      <line num="1042" count="0" type="cond" truecount="0" falsecount="2"/>
      <line num="1044" count="0" type="cond" truecount="0" falsecount="2"/>
      <line num="1048" count="0" type="stmt"/>
      <line num="1051" count="0" type="stmt"/>
      <line num="1054" count="0" type="stmt"/>
      <line num="1063" count="0" type="stmt"/>
      <line num="1064" count="0" type="stmt"/>
      <line num="1067" count="0" type="cond" truecount="0" falsecount="2"/>
      <line num="1068" count="0" type="stmt"/>
      <line num="1072" count="0" type="stmt"/>
      <line num="1073" count="0" type="stmt"/>
      <line num="1077" count="0" type="stmt"/>
      <line num="1080" count="0" type="cond" truecount="0" falsecount="2"/>
      <line num="1081" count="0" type="cond" truecount="0" falsecount="2"/>
      <line num="1082" count="0" type="stmt"/>
      <line num="1084" count="0" type="stmt"/>
      <line num="1085" count="0" type="stmt"/>
      <line num="1086" count="0" type="stmt"/>
      <line num="1090" count="0" type="stmt"/>
      <line num="1091" count="0" type="stmt"/>
      <line num="1094" count="0" type="stmt"/>
      <line num="1095" count="0" type="stmt"/>
      <line num="1097" count="0" type="cond" truecount="0" falsecount="3"/>
      <line num="1101" count="0" type="stmt"/>
      <line num="1102" count="0" type="stmt"/>
      <line num="1105" count="0" type="stmt"/>
      <line num="1106" count="0" type="stmt"/>
      <line num="1107" count="0" type="stmt"/>
      <line num="1110" count="0" type="stmt"/>
      <line num="1114" count="0" type="cond" truecount="0" falsecount="2"/>
      <line num="1115" count="0" type="cond" truecount="0" falsecount="2"/>
      <line num="1119" count="0" type="cond" truecount="0" falsecount="2"/>
      <line num="1120" count="0" type="stmt"/>
      <line num="1121" count="0" type="stmt"/>
      <line num="1122" count="0" type="cond" truecount="0" falsecount="2"/>
      <line num="1126" count="0" type="cond" truecount="0" falsecount="2"/>
      <line num="1127" count="0" type="stmt"/>
      <line num="1128" count="0" type="stmt"/>
      <line num="1129" count="0" type="cond" truecount="0" falsecount="2"/>
      <line num="1134" count="0" type="cond" truecount="0" falsecount="2"/>
      <line num="1135" count="0" type="stmt"/>
      <line num="1136" count="0" type="stmt"/>
      <line num="1138" count="0" type="cond" truecount="0" falsecount="2"/>
      <line num="1140" count="0" type="stmt"/>
      <line num="1143" count="0" type="stmt"/>
      <line num="1152" count="0" type="cond" truecount="0" falsecount="2"/>
      <line num="1154" count="0" type="stmt"/>
      <line num="1158" count="0" type="stmt"/>
      <line num="1159" count="0" type="stmt"/>
      <line num="1160" count="0" type="stmt"/>
      <line num="1163" count="0" type="stmt"/>
      <line num="1166" count="0" type="stmt"/>
      <line num="1169" count="0" type="cond" truecount="0" falsecount="4"/>
      <line num="1170" count="0" type="stmt"/>
      <line num="1173" count="0" type="stmt"/>
      <line num="1179" count="0" type="stmt"/>
      <line num="1180" count="0" type="stmt"/>
      <line num="1181" count="0" type="stmt"/>
      <line num="1182" count="0" type="stmt"/>
      <line num="1185" count="0" type="stmt"/>
      <line num="1188" count="0" type="stmt"/>
      <line num="1190" count="0" type="stmt"/>
      <line num="1192" count="0" type="stmt"/>
      <line num="1194" count="0" type="stmt"/>
      <line num="1196" count="0" type="cond" truecount="0" falsecount="2"/>
      <line num="1198" count="0" type="stmt"/>
      <line num="1205" count="0" type="cond" truecount="0" falsecount="2"/>
      <line num="1207" count="0" type="stmt"/>
      <line num="1210" count="0" type="stmt"/>
      <line num="1213" count="0" type="stmt"/>
      <line num="1216" count="0" type="cond" truecount="0" falsecount="4"/>
      <line num="1217" count="0" type="stmt"/>
      <line num="1220" count="0" type="stmt"/>
      <line num="1226" count="0" type="stmt"/>
      <line num="1228" count="0" type="stmt"/>
      <line num="1229" count="0" type="stmt"/>
      <line num="1231" count="0" type="stmt"/>
      <line num="1232" count="0" type="cond" truecount="0" falsecount="2"/>
      <line num="1235" count="0" type="stmt"/>
      <line num="1236" count="0" type="stmt"/>
      <line num="1238" count="0" type="stmt"/>
      <line num="1243" count="0" type="stmt"/>
      <line num="1244" count="0" type="stmt"/>
      <line num="1246" count="0" type="stmt"/>
      <line num="1247" count="0" type="stmt"/>
      <line num="1248" count="0" type="stmt"/>
      <line num="1256" count="0" type="stmt"/>
      <line num="1257" count="0" type="stmt"/>
      <line num="1262" count="0" type="stmt"/>
      <line num="1263" count="0" type="stmt"/>
      <line num="1265" count="0" type="stmt"/>
      <line num="1267" count="0" type="cond" truecount="0" falsecount="8"/>
      <line num="1269" count="0" type="stmt"/>
      <line num="1273" count="0" type="stmt"/>
      <line num="1274" count="0" type="cond" truecount="0" falsecount="2"/>
      <line num="1275" count="0" type="stmt"/>
      <line num="1278" count="0" type="stmt"/>
      <line num="1281" count="0" type="cond" truecount="0" falsecount="2"/>
      <line num="1282" count="0" type="stmt"/>
      <line num="1291" count="0" type="stmt"/>
      <line num="1292" count="0" type="stmt"/>
      <line num="1297" count="0" type="stmt"/>
      <line num="1298" count="0" type="cond" truecount="0" falsecount="3"/>
      <line num="1306" count="0" type="stmt"/>
      <line num="1307" count="0" type="cond" truecount="0" falsecount="2"/>
      <line num="1313" count="0" type="stmt"/>
      <line num="1322" count="0" type="cond" truecount="0" falsecount="2"/>
      <line num="1323" count="0" type="stmt"/>
      <line num="1324" count="0" type="stmt"/>
      <line num="1325" count="0" type="stmt"/>
      <line num="1326" count="0" type="stmt"/>
      <line num="1327" count="0" type="stmt"/>
      <line num="1328" count="0" type="stmt"/>
      <line num="1329" count="0" type="stmt"/>
      <line num="1330" count="0" type="stmt"/>
      <line num="1331" count="0" type="stmt"/>
      <line num="1334" count="0" type="stmt"/>
      <line num="1337" count="0" type="stmt"/>
      <line num="1343" count="0" type="stmt"/>
      <line num="1344" count="0" type="cond" truecount="0" falsecount="2"/>
      <line num="1345" count="0" type="stmt"/>
      <line num="1346" count="0" type="stmt"/>
      <line num="1347" count="0" type="stmt"/>
      <line num="1348" count="0" type="stmt"/>
      <line num="1353" count="0" type="stmt"/>
      <line num="1354" count="0" type="stmt"/>
      <line num="1356" count="0" type="cond" truecount="0" falsecount="2"/>
      <line num="1357" count="0" type="stmt"/>
      <line num="1358" count="0" type="stmt"/>
      <line num="1361" count="0" type="cond" truecount="0" falsecount="2"/>
      <line num="1362" count="0" type="stmt"/>
      <line num="1363" count="0" type="stmt"/>
      <line num="1364" count="0" type="stmt"/>
      <line num="1367" count="0" type="cond" truecount="0" falsecount="6"/>
      <line num="1369" count="0" type="stmt"/>
      <line num="1373" count="0" type="stmt"/>
      <line num="1374" count="0" type="stmt"/>
      <line num="1375" count="0" type="stmt"/>
      <line num="1379" count="0" type="cond" truecount="0" falsecount="2"/>
      <line num="1380" count="0" type="stmt"/>
      <line num="1381" count="0" type="stmt"/>
      <line num="1384" count="0" type="cond" truecount="0" falsecount="2"/>
      <line num="1385" count="0" type="stmt"/>
      <line num="1386" count="0" type="stmt"/>
      <line num="1387" count="0" type="stmt"/>
      <line num="1390" count="0" type="cond" truecount="0" falsecount="6"/>
      <line num="1392" count="0" type="stmt"/>
      <line num="1396" count="0" type="stmt"/>
      <line num="1397" count="0" type="stmt"/>
      <line num="1398" count="0" type="stmt"/>
      <line num="1403" count="0" type="cond" truecount="0" falsecount="2"/>
      <line num="1405" count="0" type="stmt"/>
      <line num="1406" count="0" type="stmt"/>
      <line num="1407" count="0" type="stmt"/>
      <line num="1408" count="0" type="stmt"/>
      <line num="1409" count="0" type="stmt"/>
      <line num="1410" count="0" type="cond" truecount="0" falsecount="2"/>
      <line num="1411" count="0" type="stmt"/>
      <line num="1412" count="0" type="stmt"/>
      <line num="1414" count="0" type="cond" truecount="0" falsecount="2"/>
      <line num="1416" count="0" type="stmt"/>
      <line num="1417" count="0" type="cond" truecount="0" falsecount="3"/>
      <line num="1422" count="0" type="cond" truecount="0" falsecount="2"/>
      <line num="1424" count="0" type="stmt"/>
      <line num="1427" count="0" type="stmt"/>
      <line num="1432" count="0" type="stmt"/>
      <line num="1435" count="0" type="stmt"/>
      <line num="1436" count="0" type="stmt"/>
      <line num="1437" count="0" type="stmt"/>
      <line num="1438" count="0" type="cond" truecount="0" falsecount="2"/>
      <line num="1439" count="0" type="stmt"/>
      <line num="1443" count="0" type="stmt"/>
      <line num="1444" count="0" type="stmt"/>
      <line num="1447" count="0" type="stmt"/>
      <line num="1451" count="0" type="stmt"/>
      <line num="1453" count="0" type="stmt"/>
      <line num="1456" count="0" type="stmt"/>
      <line num="1463" count="0" type="stmt"/>
      <line num="1466" count="0" type="stmt"/>
      <line num="1469" count="0" type="stmt"/>
      <line num="1472" count="0" type="cond" truecount="0" falsecount="2"/>
      <line num="1473" count="0" type="stmt"/>
      <line num="1486" count="0" type="cond" truecount="0" falsecount="2"/>
      <line num="1487" count="0" type="stmt"/>
      <line num="1488" count="0" type="stmt"/>
      <line num="1489" count="0" type="stmt"/>
      <line num="1490" count="0" type="stmt"/>
      <line num="1491" count="0" type="stmt"/>
      <line num="1492" count="0" type="stmt"/>
      <line num="1494" count="0" type="cond" truecount="0" falsecount="2"/>
      <line num="1496" count="0" type="stmt"/>
      <line num="1497" count="0" type="cond" truecount="0" falsecount="2"/>
      <line num="1500" count="0" type="cond" truecount="0" falsecount="2"/>
      <line num="1502" count="0" type="cond" truecount="0" falsecount="4"/>
      <line num="1504" count="0" type="stmt"/>
      <line num="1508" count="0" type="stmt"/>
      <line num="1511" count="0" type="stmt"/>
      <line num="1514" count="0" type="stmt"/>
      <line num="1517" count="0" type="stmt"/>
      <line num="1522" count="0" type="stmt"/>
      <line num="1523" count="0" type="stmt"/>
      <line num="1526" count="0" type="stmt"/>
      <line num="1529" count="0" type="cond" truecount="0" falsecount="2"/>
      <line num="1530" count="0" type="stmt"/>
      <line num="1534" count="0" type="stmt"/>
      <line num="1537" count="0" type="stmt"/>
      <line num="1540" count="0" type="stmt"/>
      <line num="1543" count="0" type="stmt"/>
      <line num="1544" count="0" type="stmt"/>
      <line num="1548" count="0" type="stmt"/>
      <line num="1555" count="0" type="stmt"/>
      <line num="1558" count="0" type="stmt"/>
      <line num="1561" count="0" type="stmt"/>
      <line num="1564" count="0" type="cond" truecount="0" falsecount="2"/>
      <line num="1565" count="0" type="stmt"/>
      <line num="1573" count="0" type="stmt"/>
      <line num="1574" count="0" type="stmt"/>
      <line num="1575" count="0" type="stmt"/>
      <line num="1576" count="0" type="stmt"/>
      <line num="1577" count="0" type="stmt"/>
      <line num="1579" count="0" type="cond" truecount="0" falsecount="2"/>
      <line num="1580" count="0" type="stmt"/>
      <line num="1582" count="0" type="stmt"/>
      <line num="1585" count="0" type="stmt"/>
      <line num="1586" count="0" type="stmt"/>
      <line num="1589" count="0" type="cond" truecount="0" falsecount="2"/>
      <line num="1590" count="0" type="cond" truecount="0" falsecount="2"/>
      <line num="1591" count="0" type="cond" truecount="0" falsecount="2"/>
      <line num="1593" count="0" type="stmt"/>
      <line num="1594" count="0" type="cond" truecount="0" falsecount="2"/>
      <line num="1601" count="0" type="stmt"/>
      <line num="1602" count="0" type="cond" truecount="0" falsecount="2"/>
      <line num="1603" count="0" type="stmt"/>
      <line num="1604" count="0" type="stmt"/>
      <line num="1605" count="0" type="stmt"/>
      <line num="1606" count="0" type="stmt"/>
      <line num="1607" count="0" type="stmt"/>
      <line num="1608" count="0" type="stmt"/>
      <line num="1611" count="0" type="cond" truecount="0" falsecount="2"/>
      <line num="1612" count="0" type="stmt"/>
      <line num="1616" count="0" type="stmt"/>
      <line num="1617" count="0" type="stmt"/>
      <line num="1620" count="0" type="cond" truecount="0" falsecount="2"/>
      <line num="1621" count="0" type="stmt"/>
      <line num="1631" count="0" type="stmt"/>
      <line num="1632" count="0" type="cond" truecount="0" falsecount="2"/>
      <line num="1635" count="0" type="stmt"/>
      <line num="1636" count="0" type="stmt"/>
      <line num="1639" count="0" type="stmt"/>
      <line num="1640" count="0" type="stmt"/>
      <line num="1646" count="0" type="stmt"/>
      <line num="1649" count="0" type="stmt"/>
      <line num="1652" count="0" type="cond" truecount="0" falsecount="2"/>
      <line num="1654" count="0" type="cond" truecount="0" falsecount="4"/>
      <line num="1655" count="0" type="cond" truecount="0" falsecount="2"/>
      <line num="1656" count="0" type="stmt"/>
      <line num="1658" count="0" type="stmt"/>
      <line num="1660" count="0" type="stmt"/>
      <line num="1664" count="0" type="cond" truecount="0" falsecount="2"/>
      <line num="1665" count="0" type="cond" truecount="0" falsecount="2"/>
      <line num="1666" count="0" type="cond" truecount="0" falsecount="2"/>
      <line num="1668" count="0" type="stmt"/>
      <line num="1674" count="0" type="stmt"/>
      <line num="1681" count="0" type="stmt"/>
      <line num="1695" count="0" type="cond" truecount="0" falsecount="4"/>
      <line num="1696" count="0" type="stmt"/>
      <line num="1697" count="0" type="cond" truecount="0" falsecount="2"/>
      <line num="1698" count="0" type="stmt"/>
      <line num="1700" count="0" type="stmt"/>
      <line num="1701" count="0" type="stmt"/>
      <line num="1702" count="0" type="stmt"/>
      <line num="1704" count="0" type="stmt"/>
      <line num="1708" count="0" type="stmt"/>
      <line num="1716" count="0" type="cond" truecount="0" falsecount="5"/>
      <line num="1717" count="0" type="stmt"/>
      <line num="1720" count="0" type="cond" truecount="0" falsecount="2"/>
      <line num="1721" count="0" type="stmt"/>
      <line num="1725" count="0" type="stmt"/>
      <line num="1726" count="0" type="stmt"/>
      <line num="1728" count="0" type="stmt"/>
      <line num="1736" count="0" type="cond" truecount="0" falsecount="2"/>
      <line num="1737" count="0" type="stmt"/>
      <line num="1740" count="0" type="stmt"/>
      <line num="1744" count="0" type="cond" truecount="0" falsecount="2"/>
      <line num="1745" count="0" type="stmt"/>
      <line num="1748" count="0" type="stmt"/>
      <line num="1749" count="0" type="stmt"/>
      <line num="1754" count="0" type="stmt"/>
      <line num="1755" count="0" type="stmt"/>
      <line num="1758" count="0" type="stmt"/>
      <line num="1759" count="0" type="stmt"/>
      <line num="1760" count="0" type="stmt"/>
      <line num="1762" count="0" type="stmt"/>
      <line num="1770" count="0" type="stmt"/>
      <line num="1773" count="0" type="cond" truecount="0" falsecount="4"/>
      <line num="1775" count="0" type="stmt"/>
      <line num="1778" count="0" type="stmt"/>
      <line num="1779" count="0" type="stmt"/>
      <line num="1782" count="0" type="stmt"/>
      <line num="1783" count="0" type="stmt"/>
      <line num="1784" count="0" type="stmt"/>
      <line num="1787" count="0" type="stmt"/>
      <line num="1795" count="0" type="cond" truecount="0" falsecount="2"/>
      <line num="1796" count="0" type="cond" truecount="0" falsecount="2"/>
      <line num="1800" count="0" type="stmt"/>
      <line num="1801" count="0" type="cond" truecount="0" falsecount="2"/>
      <line num="1811" count="0" type="stmt"/>
      <line num="1812" count="0" type="stmt"/>
      <line num="1813" count="0" type="stmt"/>
      <line num="1814" count="0" type="stmt"/>
      <line num="1822" count="0" type="stmt"/>
      <line num="1823" count="0" type="stmt"/>
      <line num="1824" count="0" type="stmt"/>
      <line num="1825" count="0" type="stmt"/>
      <line num="1833" count="0" type="stmt"/>
      <line num="1834" count="0" type="stmt"/>
      <line num="1835" count="0" type="stmt"/>
      <line num="1836" count="0" type="stmt"/>
      <line num="1837" count="0" type="stmt"/>
      <line num="1845" count="0" type="stmt"/>
      <line num="1846" count="0" type="stmt"/>
      <line num="1847" count="0" type="stmt"/>
      <line num="1855" count="0" type="stmt"/>
      <line num="1856" count="0" type="stmt"/>
      <line num="1857" count="0" type="stmt"/>
      <line num="1865" count="0" type="cond" truecount="0" falsecount="2"/>
      <line num="1866" count="0" type="stmt"/>
      <line num="1867" count="0" type="stmt"/>
      <line num="1868" count="0" type="stmt"/>
      <line num="1876" count="0" type="cond" truecount="0" falsecount="2"/>
      <line num="1877" count="0" type="stmt"/>
      <line num="1878" count="0" type="stmt"/>
      <line num="1879" count="0" type="stmt"/>
      <line num="1887" count="0" type="cond" truecount="0" falsecount="2"/>
      <line num="1888" count="0" type="stmt"/>
      <line num="1889" count="0" type="stmt"/>
      <line num="1893" count="0" type="cond" truecount="0" falsecount="4"/>
      <line num="1894" count="0" type="stmt"/>
      <line num="1898" count="0" type="stmt"/>
      <line num="1899" count="0" type="stmt"/>
      <line num="1900" count="0" type="stmt"/>
      <line num="1901" count="0" type="stmt"/>
      <line num="1906" count="0" type="stmt"/>
      <line num="1907" count="0" type="cond" truecount="0" falsecount="2"/>
      <line num="1908" count="0" type="stmt"/>
      <line num="1909" count="0" type="stmt"/>
      <line num="1910" count="0" type="stmt"/>
      <line num="1911" count="0" type="stmt"/>
      <line num="1912" count="0" type="cond" truecount="0" falsecount="2"/>
      <line num="1913" count="0" type="stmt"/>
      <line num="1915" count="0" type="stmt"/>
      <line num="1919" count="0" type="stmt"/>
      <line num="1920" count="0" type="stmt"/>
      <line num="1921" count="0" type="stmt"/>
      <line num="1922" count="0" type="cond" truecount="0" falsecount="2"/>
      <line num="1923" count="0" type="stmt"/>
      <line num="1925" count="0" type="stmt"/>
      <line num="1934" count="1" type="stmt"/>
    </file>
  </project>
</coverage>
