{"/srv/www/petprojects/datapicker/datapicker-tabs/src/assets/js/datepicker-tabs.js": {"path":"/srv/www/petprojects/datapicker/datapicker-tabs/src/assets/js/datepicker-tabs.js","statementMap":{"0":{"start":{"line":127,"column":21},"end":{"line":154,"column":5}},"1":{"start":{"line":157,"column":4},"end":{"line":157,"column":47}},"2":{"start":{"line":160,"column":4},"end":{"line":160,"column":24}},"3":{"start":{"line":163,"column":4},"end":{"line":189,"column":5}},"4":{"start":{"line":164,"column":23},"end":{"line":164,"column":58}},"5":{"start":{"line":167,"column":6},"end":{"line":182,"column":7}},"6":{"start":{"line":168,"column":8},"end":{"line":173,"column":11}},"7":{"start":{"line":169,"column":34},"end":{"line":169,"column":51}},"8":{"start":{"line":171,"column":29},"end":{"line":171,"column":74}},"9":{"start":{"line":172,"column":10},"end":{"line":172,"column":95}},"10":{"start":{"line":175,"column":8},"end":{"line":175,"column":30}},"11":{"start":{"line":176,"column":13},"end":{"line":182,"column":7}},"12":{"start":{"line":178,"column":8},"end":{"line":178,"column":40}},"13":{"start":{"line":180,"column":8},"end":{"line":180,"column":84}},"14":{"start":{"line":181,"column":8},"end":{"line":181,"column":15}},"15":{"start":{"line":183,"column":11},"end":{"line":189,"column":5}},"16":{"start":{"line":185,"column":6},"end":{"line":185,"column":35}},"17":{"start":{"line":187,"column":6},"end":{"line":187,"column":78}},"18":{"start":{"line":188,"column":6},"end":{"line":188,"column":13}},"19":{"start":{"line":192,"column":24},"end":{"line":192,"column":88}},"20":{"start":{"line":193,"column":4},"end":{"line":193,"column":35}},"21":{"start":{"line":196,"column":4},"end":{"line":196,"column":58}},"22":{"start":{"line":197,"column":4},"end":{"line":197,"column":43}},"23":{"start":{"line":198,"column":4},"end":{"line":198,"column":66}},"24":{"start":{"line":199,"column":4},"end":{"line":199,"column":53}},"25":{"start":{"line":202,"column":4},"end":{"line":202,"column":41}},"26":{"start":{"line":205,"column":4},"end":{"line":205,"column":50}},"27":{"start":{"line":208,"column":4},"end":{"line":208,"column":70}},"28":{"start":{"line":209,"column":4},"end":{"line":209,"column":90}},"29":{"start":{"line":210,"column":4},"end":{"line":210,"column":29}},"30":{"start":{"line":211,"column":4},"end":{"line":211,"column":27}},"31":{"start":{"line":214,"column":4},"end":{"line":216,"column":5}},"32":{"start":{"line":215,"column":6},"end":{"line":215,"column":51}},"33":{"start":{"line":219,"column":4},"end":{"line":225,"column":5}},"34":{"start":{"line":220,"column":24},"end":{"line":220,"column":56}},"35":{"start":{"line":221,"column":6},"end":{"line":224,"column":9}},"36":{"start":{"line":228,"column":4},"end":{"line":234,"column":5}},"37":{"start":{"line":229,"column":28},"end":{"line":229,"column":50}},"38":{"start":{"line":230,"column":6},"end":{"line":230,"column":78}},"39":{"start":{"line":231,"column":11},"end":{"line":234,"column":5}},"40":{"start":{"line":232,"column":27},"end":{"line":232,"column":48}},"41":{"start":{"line":233,"column":6},"end":{"line":233,"column":90}},"42":{"start":{"line":237,"column":4},"end":{"line":239,"column":5}},"43":{"start":{"line":238,"column":6},"end":{"line":238,"column":35}},"44":{"start":{"line":241,"column":4},"end":{"line":256,"column":5}},"45":{"start":{"line":242,"column":6},"end":{"line":255,"column":7}},"46":{"start":{"line":243,"column":28},"end":{"line":243,"column":72}},"47":{"start":{"line":244,"column":8},"end":{"line":247,"column":9}},"48":{"start":{"line":245,"column":10},"end":{"line":245,"column":43}},"49":{"start":{"line":246,"column":10},"end":{"line":246,"column":98}},"50":{"start":{"line":248,"column":13},"end":{"line":255,"column":7}},"51":{"start":{"line":249,"column":29},"end":{"line":249,"column":74}},"52":{"start":{"line":250,"column":8},"end":{"line":254,"column":9}},"53":{"start":{"line":251,"column":10},"end":{"line":251,"column":45}},"54":{"start":{"line":252,"column":10},"end":{"line":252,"column":83}},"55":{"start":{"line":252,"column":53},"end":{"line":252,"column":81}},"56":{"start":{"line":253,"column":10},"end":{"line":253,"column":86}},"57":{"start":{"line":259,"column":4},"end":{"line":259,"column":16}},"58":{"start":{"line":269,"column":4},"end":{"line":269,"column":28}},"59":{"start":{"line":269,"column":15},"end":{"line":269,"column":28}},"60":{"start":{"line":272,"column":4},"end":{"line":277,"column":5}},"61":{"start":{"line":273,"column":22},"end":{"line":273,"column":35}},"62":{"start":{"line":274,"column":6},"end":{"line":276,"column":7}},"63":{"start":{"line":275,"column":8},"end":{"line":275,"column":20}},"64":{"start":{"line":280,"column":4},"end":{"line":314,"column":5}},"65":{"start":{"line":282,"column":6},"end":{"line":313,"column":9}},"66":{"start":{"line":286,"column":8},"end":{"line":304,"column":9}},"67":{"start":{"line":287,"column":10},"end":{"line":287,"column":85}},"68":{"start":{"line":289,"column":10},"end":{"line":298,"column":11}},"69":{"start":{"line":291,"column":28},"end":{"line":291,"column":84}},"70":{"start":{"line":292,"column":12},"end":{"line":297,"column":13}},"71":{"start":{"line":293,"column":14},"end":{"line":296,"column":15}},"72":{"start":{"line":294,"column":16},"end":{"line":294,"column":74}},"73":{"start":{"line":295,"column":16},"end":{"line":295,"column":46}},"74":{"start":{"line":295,"column":40},"end":{"line":295,"column":46}},"75":{"start":{"line":300,"column":10},"end":{"line":300,"column":48}},"76":{"start":{"line":300,"column":35},"end":{"line":300,"column":48}},"77":{"start":{"line":303,"column":10},"end":{"line":303,"column":54}},"78":{"start":{"line":307,"column":8},"end":{"line":307,"column":48}},"79":{"start":{"line":309,"column":31},"end":{"line":309,"column":45}},"80":{"start":{"line":310,"column":8},"end":{"line":310,"column":44}},"81":{"start":{"line":312,"column":8},"end":{"line":312,"column":73}},"82":{"start":{"line":316,"column":4},"end":{"line":316,"column":17}},"83":{"start":{"line":323,"column":4},"end":{"line":323,"column":41}},"84":{"start":{"line":323,"column":29},"end":{"line":323,"column":41}},"85":{"start":{"line":326,"column":4},"end":{"line":326,"column":29}},"86":{"start":{"line":330,"column":25},"end":{"line":330,"column":31}},"87":{"start":{"line":331,"column":26},"end":{"line":331,"column":33}},"88":{"start":{"line":334,"column":23},"end":{"line":334,"column":43}},"89":{"start":{"line":335,"column":20},"end":{"line":335,"column":24}},"90":{"start":{"line":338,"column":4},"end":{"line":343,"column":5}},"91":{"start":{"line":339,"column":6},"end":{"line":342,"column":7}},"92":{"start":{"line":340,"column":8},"end":{"line":340,"column":24}},"93":{"start":{"line":341,"column":8},"end":{"line":341,"column":14}},"94":{"start":{"line":345,"column":4},"end":{"line":348,"column":5}},"95":{"start":{"line":347,"column":6},"end":{"line":347,"column":18}},"96":{"start":{"line":351,"column":22},"end":{"line":351,"column":54}},"97":{"start":{"line":352,"column":24},"end":{"line":352,"column":55}},"98":{"start":{"line":355,"column":4},"end":{"line":357,"column":5}},"99":{"start":{"line":356,"column":6},"end":{"line":356,"column":18}},"100":{"start":{"line":360,"column":14},"end":{"line":360,"column":15}},"101":{"start":{"line":361,"column":16},"end":{"line":361,"column":17}},"102":{"start":{"line":362,"column":15},"end":{"line":362,"column":39}},"103":{"start":{"line":364,"column":4},"end":{"line":423,"column":5}},"104":{"start":{"line":364,"column":17},"end":{"line":364,"column":18}},"105":{"start":{"line":365,"column":25},"end":{"line":365,"column":39}},"106":{"start":{"line":366,"column":24},"end":{"line":366,"column":36}},"107":{"start":{"line":369,"column":6},"end":{"line":422,"column":7}},"108":{"start":{"line":370,"column":8},"end":{"line":370,"column":38}},"109":{"start":{"line":371,"column":8},"end":{"line":371,"column":36}},"110":{"start":{"line":371,"column":24},"end":{"line":371,"column":36}},"111":{"start":{"line":373,"column":11},"end":{"line":422,"column":7}},"112":{"start":{"line":374,"column":8},"end":{"line":374,"column":44}},"113":{"start":{"line":375,"column":8},"end":{"line":375,"column":38}},"114":{"start":{"line":375,"column":26},"end":{"line":375,"column":38}},"115":{"start":{"line":377,"column":11},"end":{"line":422,"column":7}},"116":{"start":{"line":378,"column":8},"end":{"line":378,"column":39}},"117":{"start":{"line":379,"column":8},"end":{"line":379,"column":37}},"118":{"start":{"line":379,"column":25},"end":{"line":379,"column":37}},"119":{"start":{"line":381,"column":11},"end":{"line":422,"column":7}},"120":{"start":{"line":382,"column":24},"end":{"line":382,"column":47}},"121":{"start":{"line":383,"column":8},"end":{"line":383,"column":42}},"122":{"start":{"line":383,"column":30},"end":{"line":383,"column":42}},"123":{"start":{"line":386,"column":28},"end":{"line":386,"column":52}},"124":{"start":{"line":387,"column":24},"end":{"line":387,"column":59}},"125":{"start":{"line":389,"column":8},"end":{"line":393,"column":9}},"126":{"start":{"line":390,"column":10},"end":{"line":390,"column":45}},"127":{"start":{"line":392,"column":10},"end":{"line":392,"column":37}},"128":{"start":{"line":395,"column":11},"end":{"line":422,"column":7}},"129":{"start":{"line":396,"column":25},"end":{"line":396,"column":48}},"130":{"start":{"line":397,"column":8},"end":{"line":397,"column":19}},"131":{"start":{"line":400,"column":8},"end":{"line":405,"column":9}},"132":{"start":{"line":400,"column":21},"end":{"line":400,"column":22}},"133":{"start":{"line":401,"column":10},"end":{"line":404,"column":11}},"134":{"start":{"line":402,"column":12},"end":{"line":402,"column":22}},"135":{"start":{"line":403,"column":12},"end":{"line":403,"column":18}},"136":{"start":{"line":407,"column":8},"end":{"line":407,"column":38}},"137":{"start":{"line":407,"column":26},"end":{"line":407,"column":38}},"138":{"start":{"line":409,"column":11},"end":{"line":422,"column":7}},"139":{"start":{"line":410,"column":25},"end":{"line":410,"column":48}},"140":{"start":{"line":411,"column":8},"end":{"line":411,"column":19}},"141":{"start":{"line":414,"column":8},"end":{"line":419,"column":9}},"142":{"start":{"line":414,"column":21},"end":{"line":414,"column":22}},"143":{"start":{"line":415,"column":10},"end":{"line":418,"column":11}},"144":{"start":{"line":416,"column":12},"end":{"line":416,"column":22}},"145":{"start":{"line":417,"column":12},"end":{"line":417,"column":18}},"146":{"start":{"line":421,"column":8},"end":{"line":421,"column":38}},"147":{"start":{"line":421,"column":26},"end":{"line":421,"column":38}},"148":{"start":{"line":426,"column":4},"end":{"line":428,"column":5}},"149":{"start":{"line":427,"column":6},"end":{"line":427,"column":18}},"150":{"start":{"line":431,"column":17},"end":{"line":431,"column":43}},"151":{"start":{"line":434,"column":4},"end":{"line":436,"column":5}},"152":{"start":{"line":435,"column":6},"end":{"line":435,"column":18}},"153":{"start":{"line":438,"column":4},"end":{"line":438,"column":16}},"154":{"start":{"line":447,"column":4},"end":{"line":447,"column":66}},"155":{"start":{"line":454,"column":4},"end":{"line":454,"column":31}},"156":{"start":{"line":454,"column":21},"end":{"line":454,"column":31}},"157":{"start":{"line":457,"column":19},"end":{"line":459,"column":34}},"158":{"start":{"line":462,"column":24},"end":{"line":462,"column":68}},"159":{"start":{"line":462,"column":57},"end":{"line":462,"column":67}},"160":{"start":{"line":465,"column":4},"end":{"line":470,"column":39}},"161":{"start":{"line":467,"column":23},"end":{"line":467,"column":54}},"162":{"start":{"line":468,"column":10},"end":{"line":468,"column":57}},"163":{"start":{"line":470,"column":24},"end":{"line":470,"column":37}},"164":{"start":{"line":477,"column":4},"end":{"line":477,"column":31}},"165":{"start":{"line":477,"column":21},"end":{"line":477,"column":31}},"166":{"start":{"line":480,"column":25},"end":{"line":480,"column":69}},"167":{"start":{"line":480,"column":58},"end":{"line":480,"column":68}},"168":{"start":{"line":483,"column":4},"end":{"line":534,"column":41}},"169":{"start":{"line":486,"column":23},"end":{"line":486,"column":73}},"170":{"start":{"line":487,"column":10},"end":{"line":492,"column":11}},"171":{"start":{"line":488,"column":12},"end":{"line":491,"column":14}},"172":{"start":{"line":496,"column":35},"end":{"line":496,"column":59}},"173":{"start":{"line":497,"column":24},"end":{"line":497,"column":56}},"174":{"start":{"line":499,"column":10},"end":{"line":514,"column":11}},"175":{"start":{"line":500,"column":30},"end":{"line":500,"column":38}},"176":{"start":{"line":501,"column":25},"end":{"line":501,"column":47}},"177":{"start":{"line":504,"column":31},"end":{"line":506,"column":13}},"178":{"start":{"line":505,"column":16},"end":{"line":505,"column":67}},"179":{"start":{"line":508,"column":12},"end":{"line":513,"column":13}},"180":{"start":{"line":509,"column":14},"end":{"line":512,"column":16}},"181":{"start":{"line":517,"column":33},"end":{"line":517,"column":59}},"182":{"start":{"line":518,"column":27},"end":{"line":518,"column":57}},"183":{"start":{"line":520,"column":10},"end":{"line":530,"column":11}},"184":{"start":{"line":521,"column":26},"end":{"line":521,"column":55}},"185":{"start":{"line":522,"column":25},"end":{"line":522,"column":50}},"186":{"start":{"line":524,"column":12},"end":{"line":529,"column":13}},"187":{"start":{"line":525,"column":14},"end":{"line":528,"column":16}},"188":{"start":{"line":532,"column":10},"end":{"line":532,"column":22}},"189":{"start":{"line":534,"column":25},"end":{"line":534,"column":39}},"190":{"start":{"line":543,"column":28},"end":{"line":543,"column":53}},"191":{"start":{"line":546,"column":4},"end":{"line":546,"column":61}},"192":{"start":{"line":558,"column":4},"end":{"line":558,"column":77}},"193":{"start":{"line":558,"column":67},"end":{"line":558,"column":77}},"194":{"start":{"line":563,"column":4},"end":{"line":575,"column":5}},"195":{"start":{"line":564,"column":25},"end":{"line":564,"column":40}},"196":{"start":{"line":565,"column":19},"end":{"line":565,"column":37}},"197":{"start":{"line":567,"column":6},"end":{"line":574,"column":7}},"198":{"start":{"line":569,"column":31},"end":{"line":569,"column":82}},"199":{"start":{"line":570,"column":8},"end":{"line":570,"column":43}},"200":{"start":{"line":573,"column":8},"end":{"line":573,"column":64}},"201":{"start":{"line":579,"column":16},"end":{"line":579,"column":30}},"202":{"start":{"line":580,"column":18},"end":{"line":580,"column":33}},"203":{"start":{"line":581,"column":17},"end":{"line":581,"column":35}},"204":{"start":{"line":584,"column":17},"end":{"line":584,"column":23}},"205":{"start":{"line":587,"column":4},"end":{"line":587,"column":54}},"206":{"start":{"line":588,"column":4},"end":{"line":588,"column":62}},"207":{"start":{"line":591,"column":4},"end":{"line":591,"column":69}},"208":{"start":{"line":592,"column":4},"end":{"line":592,"column":84}},"209":{"start":{"line":595,"column":4},"end":{"line":595,"column":71}},"210":{"start":{"line":597,"column":4},"end":{"line":597,"column":57}},"211":{"start":{"line":600,"column":4},"end":{"line":600,"column":65}},"212":{"start":{"line":602,"column":4},"end":{"line":602,"column":51}},"213":{"start":{"line":604,"column":4},"end":{"line":604,"column":18}},"214":{"start":{"line":613,"column":4},"end":{"line":613,"column":35}},"215":{"start":{"line":613,"column":28},"end":{"line":613,"column":35}},"216":{"start":{"line":615,"column":22},"end":{"line":615,"column":84}},"217":{"start":{"line":616,"column":4},"end":{"line":616,"column":27}},"218":{"start":{"line":616,"column":20},"end":{"line":616,"column":27}},"219":{"start":{"line":619,"column":22},"end":{"line":619,"column":63}},"220":{"start":{"line":620,"column":28},"end":{"line":620,"column":50}},"221":{"start":{"line":621,"column":27},"end":{"line":621,"column":48}},"222":{"start":{"line":622,"column":25},"end":{"line":622,"column":43}},"223":{"start":{"line":623,"column":24},"end":{"line":623,"column":41}},"224":{"start":{"line":626,"column":23},"end":{"line":626,"column":54}},"225":{"start":{"line":627,"column":22},"end":{"line":627,"column":85}},"226":{"start":{"line":630,"column":23},"end":{"line":630,"column":80}},"227":{"start":{"line":631,"column":22},"end":{"line":631,"column":78}},"228":{"start":{"line":634,"column":15},"end":{"line":634,"column":42}},"229":{"start":{"line":637,"column":4},"end":{"line":639,"column":5}},"230":{"start":{"line":638,"column":6},"end":{"line":638,"column":61}},"231":{"start":{"line":642,"column":4},"end":{"line":644,"column":5}},"232":{"start":{"line":643,"column":6},"end":{"line":643,"column":28}},"233":{"start":{"line":648,"column":4},"end":{"line":664,"column":5}},"234":{"start":{"line":650,"column":6},"end":{"line":650,"column":56}},"235":{"start":{"line":653,"column":6},"end":{"line":655,"column":7}},"236":{"start":{"line":654,"column":8},"end":{"line":654,"column":43}},"237":{"start":{"line":658,"column":6},"end":{"line":658,"column":41}},"238":{"start":{"line":661,"column":6},"end":{"line":663,"column":7}},"239":{"start":{"line":662,"column":8},"end":{"line":662,"column":58}},"240":{"start":{"line":667,"column":4},"end":{"line":667,"column":42}},"241":{"start":{"line":668,"column":4},"end":{"line":668,"column":37}},"242":{"start":{"line":669,"column":4},"end":{"line":669,"column":39}},"243":{"start":{"line":670,"column":4},"end":{"line":670,"column":49}},"244":{"start":{"line":677,"column":4},"end":{"line":677,"column":18}},"245":{"start":{"line":678,"column":4},"end":{"line":678,"column":24}},"246":{"start":{"line":681,"column":4},"end":{"line":683,"column":5}},"247":{"start":{"line":682,"column":6},"end":{"line":682,"column":31}},"248":{"start":{"line":686,"column":4},"end":{"line":686,"column":16}},"249":{"start":{"line":689,"column":4},"end":{"line":695,"column":7}},"250":{"start":{"line":690,"column":6},"end":{"line":694,"column":7}},"251":{"start":{"line":693,"column":8},"end":{"line":693,"column":20}},"252":{"start":{"line":703,"column":4},"end":{"line":703,"column":56}},"253":{"start":{"line":705,"column":4},"end":{"line":705,"column":28}},"254":{"start":{"line":708,"column":4},"end":{"line":715,"column":7}},"255":{"start":{"line":709,"column":6},"end":{"line":709,"column":26}},"256":{"start":{"line":710,"column":6},"end":{"line":714,"column":7}},"257":{"start":{"line":711,"column":8},"end":{"line":711,"column":20}},"258":{"start":{"line":713,"column":8},"end":{"line":713,"column":20}},"259":{"start":{"line":718,"column":4},"end":{"line":718,"column":59}},"260":{"start":{"line":721,"column":4},"end":{"line":723,"column":5}},"261":{"start":{"line":722,"column":6},"end":{"line":722,"column":69}},"262":{"start":{"line":730,"column":4},"end":{"line":730,"column":35}},"263":{"start":{"line":730,"column":28},"end":{"line":730,"column":35}},"264":{"start":{"line":732,"column":4},"end":{"line":761,"column":5}},"265":{"start":{"line":733,"column":6},"end":{"line":745,"column":7}},"266":{"start":{"line":734,"column":8},"end":{"line":734,"column":37}},"267":{"start":{"line":735,"column":13},"end":{"line":745,"column":7}},"268":{"start":{"line":736,"column":31},"end":{"line":738,"column":9}},"269":{"start":{"line":737,"column":12},"end":{"line":737,"column":55}},"270":{"start":{"line":739,"column":8},"end":{"line":739,"column":60}},"271":{"start":{"line":741,"column":8},"end":{"line":744,"column":10}},"272":{"start":{"line":747,"column":6},"end":{"line":760,"column":7}},"273":{"start":{"line":748,"column":8},"end":{"line":748,"column":37}},"274":{"start":{"line":749,"column":13},"end":{"line":760,"column":7}},"275":{"start":{"line":750,"column":32},"end":{"line":752,"column":9}},"276":{"start":{"line":751,"column":12},"end":{"line":751,"column":83}},"277":{"start":{"line":753,"column":8},"end":{"line":753,"column":61}},"278":{"start":{"line":755,"column":18},"end":{"line":755,"column":40}},"279":{"start":{"line":756,"column":8},"end":{"line":759,"column":10}},"280":{"start":{"line":768,"column":4},"end":{"line":768,"column":31}},"281":{"start":{"line":768,"column":24},"end":{"line":768,"column":31}},"282":{"start":{"line":773,"column":4},"end":{"line":795,"column":5}},"283":{"start":{"line":774,"column":6},"end":{"line":794,"column":7}},"284":{"start":{"line":775,"column":29},"end":{"line":775,"column":74}},"285":{"start":{"line":777,"column":8},"end":{"line":785,"column":9}},"286":{"start":{"line":778,"column":10},"end":{"line":778,"column":45}},"287":{"start":{"line":779,"column":10},"end":{"line":779,"column":83}},"288":{"start":{"line":779,"column":53},"end":{"line":779,"column":81}},"289":{"start":{"line":783,"column":32},"end":{"line":783,"column":47}},"290":{"start":{"line":784,"column":10},"end":{"line":784,"column":82}},"291":{"start":{"line":786,"column":13},"end":{"line":794,"column":7}},"292":{"start":{"line":787,"column":28},"end":{"line":787,"column":72}},"293":{"start":{"line":788,"column":8},"end":{"line":793,"column":9}},"294":{"start":{"line":789,"column":10},"end":{"line":789,"column":43}},"295":{"start":{"line":791,"column":31},"end":{"line":791,"column":45}},"296":{"start":{"line":792,"column":10},"end":{"line":792,"column":94}},"297":{"start":{"line":819,"column":22},"end":{"line":819,"column":84}},"298":{"start":{"line":820,"column":4},"end":{"line":841,"column":5}},"299":{"start":{"line":821,"column":6},"end":{"line":821,"column":40}},"300":{"start":{"line":822,"column":6},"end":{"line":822,"column":28}},"301":{"start":{"line":825,"column":6},"end":{"line":827,"column":12}},"302":{"start":{"line":826,"column":8},"end":{"line":826,"column":30}},"303":{"start":{"line":830,"column":6},"end":{"line":834,"column":8}},"304":{"start":{"line":831,"column":8},"end":{"line":833,"column":9}},"305":{"start":{"line":832,"column":10},"end":{"line":832,"column":32}},"306":{"start":{"line":836,"column":6},"end":{"line":836,"column":60}},"307":{"start":{"line":839,"column":20},"end":{"line":839,"column":53}},"308":{"start":{"line":840,"column":6},"end":{"line":840,"column":40}},"309":{"start":{"line":848,"column":4},"end":{"line":848,"column":99}},"310":{"start":{"line":848,"column":92},"end":{"line":848,"column":99}},"311":{"start":{"line":851,"column":22},"end":{"line":851,"column":84}},"312":{"start":{"line":852,"column":4},"end":{"line":864,"column":5}},"313":{"start":{"line":853,"column":6},"end":{"line":853,"column":39}},"314":{"start":{"line":854,"column":6},"end":{"line":854,"column":29}},"315":{"start":{"line":857,"column":6},"end":{"line":859,"column":7}},"316":{"start":{"line":858,"column":8},"end":{"line":858,"column":65}},"317":{"start":{"line":862,"column":20},"end":{"line":862,"column":53}},"318":{"start":{"line":863,"column":6},"end":{"line":863,"column":40}},"319":{"start":{"line":869,"column":4},"end":{"line":869,"column":52}},"320":{"start":{"line":869,"column":45},"end":{"line":869,"column":52}},"321":{"start":{"line":871,"column":23},"end":{"line":871,"column":33}},"322":{"start":{"line":872,"column":4},"end":{"line":872,"column":49}},"323":{"start":{"line":873,"column":4},"end":{"line":873,"column":102}},"324":{"start":{"line":878,"column":17},"end":{"line":878,"column":46}},"325":{"start":{"line":879,"column":26},"end":{"line":879,"column":61}},"326":{"start":{"line":880,"column":20},"end":{"line":880,"column":44}},"327":{"start":{"line":882,"column":4},"end":{"line":887,"column":5}},"328":{"start":{"line":882,"column":17},"end":{"line":882,"column":18}},"329":{"start":{"line":883,"column":19},"end":{"line":883,"column":36}},"330":{"start":{"line":884,"column":6},"end":{"line":886,"column":7}},"331":{"start":{"line":885,"column":8},"end":{"line":885,"column":60}},"332":{"start":{"line":888,"column":4},"end":{"line":888,"column":16}},"333":{"start":{"line":893,"column":22},"end":{"line":893,"column":42}},"334":{"start":{"line":894,"column":4},"end":{"line":896,"column":5}},"335":{"start":{"line":895,"column":6},"end":{"line":895,"column":36}},"336":{"start":{"line":903,"column":20},"end":{"line":903,"column":67}},"337":{"start":{"line":904,"column":18},"end":{"line":904,"column":64}},"338":{"start":{"line":907,"column":4},"end":{"line":910,"column":5}},"339":{"start":{"line":908,"column":22},"end":{"line":908,"column":56}},"340":{"start":{"line":909,"column":6},"end":{"line":909,"column":47}},"341":{"start":{"line":913,"column":4},"end":{"line":916,"column":5}},"342":{"start":{"line":914,"column":22},"end":{"line":914,"column":56}},"343":{"start":{"line":915,"column":6},"end":{"line":915,"column":43}},"344":{"start":{"line":918,"column":4},"end":{"line":918,"column":34}},"345":{"start":{"line":926,"column":4},"end":{"line":934,"column":5}},"346":{"start":{"line":927,"column":22},"end":{"line":927,"column":52}},"347":{"start":{"line":928,"column":22},"end":{"line":928,"column":43}},"348":{"start":{"line":929,"column":23},"end":{"line":929,"column":41}},"349":{"start":{"line":931,"column":6},"end":{"line":933,"column":7}},"350":{"start":{"line":932,"column":8},"end":{"line":932,"column":21}},"351":{"start":{"line":937,"column":4},"end":{"line":945,"column":5}},"352":{"start":{"line":938,"column":22},"end":{"line":938,"column":52}},"353":{"start":{"line":939,"column":22},"end":{"line":939,"column":43}},"354":{"start":{"line":940,"column":23},"end":{"line":940,"column":41}},"355":{"start":{"line":942,"column":6},"end":{"line":944,"column":7}},"356":{"start":{"line":943,"column":8},"end":{"line":943,"column":21}},"357":{"start":{"line":947,"column":4},"end":{"line":947,"column":16}},"358":{"start":{"line":953,"column":20},"end":{"line":953,"column":82}},"359":{"start":{"line":955,"column":4},"end":{"line":1029,"column":5}},"360":{"start":{"line":957,"column":6},"end":{"line":957,"column":48}},"361":{"start":{"line":958,"column":6},"end":{"line":958,"column":62}},"362":{"start":{"line":961,"column":6},"end":{"line":965,"column":8}},"363":{"start":{"line":968,"column":6},"end":{"line":975,"column":7}},"364":{"start":{"line":969,"column":8},"end":{"line":974,"column":10}},"365":{"start":{"line":978,"column":22},"end":{"line":978,"column":51}},"366":{"start":{"line":979,"column":6},"end":{"line":979,"column":47}},"367":{"start":{"line":981,"column":6},"end":{"line":985,"column":7}},"368":{"start":{"line":982,"column":8},"end":{"line":982,"column":49}},"369":{"start":{"line":984,"column":8},"end":{"line":984,"column":51}},"370":{"start":{"line":987,"column":6},"end":{"line":987,"column":37}},"371":{"start":{"line":990,"column":6},"end":{"line":995,"column":8}},"372":{"start":{"line":997,"column":6},"end":{"line":997,"column":42}},"373":{"start":{"line":1000,"column":20},"end":{"line":1000,"column":64}},"374":{"start":{"line":1001,"column":6},"end":{"line":1003,"column":7}},"375":{"start":{"line":1002,"column":8},"end":{"line":1002,"column":87}},"376":{"start":{"line":1006,"column":21},"end":{"line":1006,"column":67}},"377":{"start":{"line":1007,"column":6},"end":{"line":1020,"column":7}},"378":{"start":{"line":1008,"column":23},"end":{"line":1008,"column":64}},"379":{"start":{"line":1009,"column":25},"end":{"line":1009,"column":68}},"380":{"start":{"line":1011,"column":8},"end":{"line":1019,"column":9}},"381":{"start":{"line":1012,"column":10},"end":{"line":1018,"column":11}},"382":{"start":{"line":1013,"column":12},"end":{"line":1013,"column":43}},"383":{"start":{"line":1014,"column":12},"end":{"line":1014,"column":48}},"384":{"start":{"line":1016,"column":12},"end":{"line":1016,"column":46}},"385":{"start":{"line":1017,"column":12},"end":{"line":1017,"column":45}},"386":{"start":{"line":1023,"column":22},"end":{"line":1023,"column":68}},"387":{"start":{"line":1024,"column":6},"end":{"line":1028,"column":7}},"388":{"start":{"line":1025,"column":8},"end":{"line":1027,"column":37}},"389":{"start":{"line":1034,"column":17},"end":{"line":1034,"column":47}},"390":{"start":{"line":1035,"column":18},"end":{"line":1035,"column":45}},"391":{"start":{"line":1038,"column":24},"end":{"line":1038,"column":62}},"392":{"start":{"line":1041,"column":26},"end":{"line":1041,"column":59}},"393":{"start":{"line":1042,"column":4},"end":{"line":1045,"column":5}},"394":{"start":{"line":1044,"column":6},"end":{"line":1044,"column":72}},"395":{"start":{"line":1048,"column":26},"end":{"line":1048,"column":41}},"396":{"start":{"line":1051,"column":22},"end":{"line":1051,"column":51}},"397":{"start":{"line":1054,"column":20},"end":{"line":1060,"column":5}},"398":{"start":{"line":1063,"column":25},"end":{"line":1063,"column":66}},"399":{"start":{"line":1064,"column":27},"end":{"line":1064,"column":53}},"400":{"start":{"line":1067,"column":4},"end":{"line":1069,"column":5}},"401":{"start":{"line":1068,"column":6},"end":{"line":1068,"column":87}},"402":{"start":{"line":1072,"column":4},"end":{"line":1074,"column":5}},"403":{"start":{"line":1072,"column":17},"end":{"line":1072,"column":18}},"404":{"start":{"line":1073,"column":6},"end":{"line":1073,"column":77}},"405":{"start":{"line":1077,"column":19},"end":{"line":1077,"column":21}},"406":{"start":{"line":1080,"column":22},"end":{"line":1080,"column":50}},"407":{"start":{"line":1081,"column":26},"end":{"line":1081,"column":55}},"408":{"start":{"line":1082,"column":28},"end":{"line":1082,"column":79}},"409":{"start":{"line":1084,"column":4},"end":{"line":1087,"column":5}},"410":{"start":{"line":1084,"column":17},"end":{"line":1084,"column":18}},"411":{"start":{"line":1085,"column":18},"end":{"line":1085,"column":57}},"412":{"start":{"line":1086,"column":6},"end":{"line":1086,"column":76}},"413":{"start":{"line":1090,"column":18},"end":{"line":1090,"column":28}},"414":{"start":{"line":1091,"column":4},"end":{"line":1091,"column":31}},"415":{"start":{"line":1094,"column":4},"end":{"line":1155,"column":5}},"416":{"start":{"line":1094,"column":17},"end":{"line":1094,"column":18}},"417":{"start":{"line":1095,"column":19},"end":{"line":1095,"column":43}},"418":{"start":{"line":1097,"column":10},"end":{"line":1099,"column":38}},"419":{"start":{"line":1101,"column":25},"end":{"line":1101,"column":44}},"420":{"start":{"line":1102,"column":25},"end":{"line":1102,"column":50}},"421":{"start":{"line":1105,"column":26},"end":{"line":1105,"column":40}},"422":{"start":{"line":1106,"column":6},"end":{"line":1106,"column":39}},"423":{"start":{"line":1107,"column":23},"end":{"line":1107,"column":42}},"424":{"start":{"line":1110,"column":23},"end":{"line":1110,"column":28}},"425":{"start":{"line":1114,"column":6},"end":{"line":1116,"column":7}},"426":{"start":{"line":1115,"column":8},"end":{"line":1115,"column":47}},"427":{"start":{"line":1119,"column":6},"end":{"line":1123,"column":7}},"428":{"start":{"line":1120,"column":24},"end":{"line":1120,"column":54}},"429":{"start":{"line":1121,"column":8},"end":{"line":1121,"column":37}},"430":{"start":{"line":1122,"column":8},"end":{"line":1122,"column":53}},"431":{"start":{"line":1122,"column":35},"end":{"line":1122,"column":53}},"432":{"start":{"line":1126,"column":6},"end":{"line":1130,"column":7}},"433":{"start":{"line":1127,"column":24},"end":{"line":1127,"column":54}},"434":{"start":{"line":1128,"column":8},"end":{"line":1128,"column":37}},"435":{"start":{"line":1129,"column":8},"end":{"line":1129,"column":53}},"436":{"start":{"line":1129,"column":35},"end":{"line":1129,"column":53}},"437":{"start":{"line":1134,"column":6},"end":{"line":1137,"column":7}},"438":{"start":{"line":1135,"column":8},"end":{"line":1135,"column":26}},"439":{"start":{"line":1136,"column":8},"end":{"line":1136,"column":47}},"440":{"start":{"line":1138,"column":6},"end":{"line":1141,"column":7}},"441":{"start":{"line":1140,"column":8},"end":{"line":1140,"column":26}},"442":{"start":{"line":1143,"column":22},"end":{"line":1149,"column":33}},"443":{"start":{"line":1152,"column":28},"end":{"line":1152,"column":69}},"444":{"start":{"line":1154,"column":6},"end":{"line":1154,"column":108}},"445":{"start":{"line":1158,"column":30},"end":{"line":1158,"column":64}},"446":{"start":{"line":1159,"column":4},"end":{"line":1161,"column":5}},"447":{"start":{"line":1159,"column":17},"end":{"line":1159,"column":18}},"448":{"start":{"line":1160,"column":6},"end":{"line":1160,"column":74}},"449":{"start":{"line":1163,"column":4},"end":{"line":1163,"column":25}},"450":{"start":{"line":1166,"column":15},"end":{"line":1166,"column":62}},"451":{"start":{"line":1169,"column":4},"end":{"line":1171,"column":5}},"452":{"start":{"line":1170,"column":6},"end":{"line":1170,"column":41}},"453":{"start":{"line":1173,"column":4},"end":{"line":1173,"column":16}},"454":{"start":{"line":1179,"column":17},"end":{"line":1179,"column":47}},"455":{"start":{"line":1180,"column":24},"end":{"line":1180,"column":34}},"456":{"start":{"line":1181,"column":25},"end":{"line":1181,"column":47}},"457":{"start":{"line":1182,"column":24},"end":{"line":1182,"column":49}},"458":{"start":{"line":1185,"column":22},"end":{"line":1185,"column":51}},"459":{"start":{"line":1188,"column":21},"end":{"line":1188,"column":63}},"460":{"start":{"line":1190,"column":4},"end":{"line":1208,"column":5}},"461":{"start":{"line":1190,"column":17},"end":{"line":1190,"column":18}},"462":{"start":{"line":1192,"column":25},"end":{"line":1192,"column":54}},"463":{"start":{"line":1194,"column":27},"end":{"line":1194,"column":58}},"464":{"start":{"line":1196,"column":27},"end":{"line":1196,"column":69}},"465":{"start":{"line":1198,"column":22},"end":{"line":1203,"column":33}},"466":{"start":{"line":1205,"column":25},"end":{"line":1205,"column":84}},"467":{"start":{"line":1207,"column":6},"end":{"line":1207,"column":96}},"468":{"start":{"line":1210,"column":4},"end":{"line":1210,"column":27}},"469":{"start":{"line":1213,"column":15},"end":{"line":1213,"column":37}},"470":{"start":{"line":1216,"column":4},"end":{"line":1218,"column":5}},"471":{"start":{"line":1217,"column":6},"end":{"line":1217,"column":42}},"472":{"start":{"line":1220,"column":4},"end":{"line":1220,"column":16}},"473":{"start":{"line":1226,"column":35},"end":{"line":1226,"column":66}},"474":{"start":{"line":1228,"column":15},"end":{"line":1228,"column":47}},"475":{"start":{"line":1229,"column":4},"end":{"line":1229,"column":45}},"476":{"start":{"line":1231,"column":4},"end":{"line":1233,"column":5}},"477":{"start":{"line":1231,"column":20},"end":{"line":1231,"column":29}},"478":{"start":{"line":1232,"column":6},"end":{"line":1232,"column":99}},"479":{"start":{"line":1235,"column":4},"end":{"line":1235,"column":24}},"480":{"start":{"line":1236,"column":4},"end":{"line":1236,"column":21}},"481":{"start":{"line":1238,"column":4},"end":{"line":1238,"column":16}},"482":{"start":{"line":1243,"column":15},"end":{"line":1243,"column":69}},"483":{"start":{"line":1244,"column":4},"end":{"line":1244,"column":42}},"484":{"start":{"line":1246,"column":4},"end":{"line":1254,"column":7}},"485":{"start":{"line":1247,"column":24},"end":{"line":1247,"column":70}},"486":{"start":{"line":1248,"column":6},"end":{"line":1253,"column":8}},"487":{"start":{"line":1256,"column":4},"end":{"line":1256,"column":21}},"488":{"start":{"line":1257,"column":4},"end":{"line":1257,"column":16}},"489":{"start":{"line":1262,"column":15},"end":{"line":1262,"column":70}},"490":{"start":{"line":1263,"column":4},"end":{"line":1263,"column":42}},"491":{"start":{"line":1265,"column":4},"end":{"line":1289,"column":7}},"492":{"start":{"line":1267,"column":6},"end":{"line":1270,"column":7}},"493":{"start":{"line":1269,"column":8},"end":{"line":1269,"column":15}},"494":{"start":{"line":1273,"column":22},"end":{"line":1273,"column":56}},"495":{"start":{"line":1274,"column":6},"end":{"line":1276,"column":7}},"496":{"start":{"line":1275,"column":8},"end":{"line":1275,"column":15}},"497":{"start":{"line":1278,"column":24},"end":{"line":1278,"column":74}},"498":{"start":{"line":1281,"column":6},"end":{"line":1288,"column":7}},"499":{"start":{"line":1282,"column":8},"end":{"line":1287,"column":8}},"500":{"start":{"line":1291,"column":4},"end":{"line":1291,"column":21}},"501":{"start":{"line":1292,"column":4},"end":{"line":1292,"column":16}},"502":{"start":{"line":1297,"column":4},"end":{"line":1301,"column":6}},"503":{"start":{"line":1298,"column":8},"end":{"line":1300,"column":57}},"504":{"start":{"line":1306,"column":4},"end":{"line":1308,"column":6}},"505":{"start":{"line":1307,"column":8},"end":{"line":1307,"column":50}},"506":{"start":{"line":1313,"column":4},"end":{"line":1316,"column":6}},"507":{"start":{"line":1322,"column":4},"end":{"line":1340,"column":5}},"508":{"start":{"line":1323,"column":19},"end":{"line":1323,"column":67}},"509":{"start":{"line":1324,"column":6},"end":{"line":1339,"column":9}},"510":{"start":{"line":1325,"column":8},"end":{"line":1338,"column":11}},"511":{"start":{"line":1326,"column":10},"end":{"line":1326,"column":30}},"512":{"start":{"line":1327,"column":23},"end":{"line":1327,"column":52}},"513":{"start":{"line":1328,"column":10},"end":{"line":1328,"column":35}},"514":{"start":{"line":1329,"column":10},"end":{"line":1329,"column":35}},"515":{"start":{"line":1330,"column":10},"end":{"line":1330,"column":24}},"516":{"start":{"line":1331,"column":10},"end":{"line":1331,"column":30}},"517":{"start":{"line":1334,"column":24},"end":{"line":1336,"column":12}},"518":{"start":{"line":1337,"column":10},"end":{"line":1337,"column":44}},"519":{"start":{"line":1343,"column":25},"end":{"line":1343,"column":69}},"520":{"start":{"line":1344,"column":4},"end":{"line":1350,"column":5}},"521":{"start":{"line":1345,"column":6},"end":{"line":1349,"column":9}},"522":{"start":{"line":1346,"column":8},"end":{"line":1346,"column":67}},"523":{"start":{"line":1347,"column":8},"end":{"line":1347,"column":22}},"524":{"start":{"line":1348,"column":8},"end":{"line":1348,"column":28}},"525":{"start":{"line":1353,"column":25},"end":{"line":1353,"column":66}},"526":{"start":{"line":1354,"column":25},"end":{"line":1354,"column":66}},"527":{"start":{"line":1356,"column":4},"end":{"line":1377,"column":5}},"528":{"start":{"line":1357,"column":6},"end":{"line":1376,"column":9}},"529":{"start":{"line":1358,"column":8},"end":{"line":1358,"column":28}},"530":{"start":{"line":1361,"column":8},"end":{"line":1371,"column":9}},"531":{"start":{"line":1362,"column":26},"end":{"line":1362,"column":56}},"532":{"start":{"line":1363,"column":31},"end":{"line":1363,"column":58}},"533":{"start":{"line":1364,"column":30},"end":{"line":1364,"column":60}},"534":{"start":{"line":1367,"column":10},"end":{"line":1370,"column":11}},"535":{"start":{"line":1369,"column":12},"end":{"line":1369,"column":19}},"536":{"start":{"line":1373,"column":8},"end":{"line":1373,"column":67}},"537":{"start":{"line":1374,"column":8},"end":{"line":1374,"column":22}},"538":{"start":{"line":1375,"column":8},"end":{"line":1375,"column":28}},"539":{"start":{"line":1379,"column":4},"end":{"line":1400,"column":5}},"540":{"start":{"line":1380,"column":6},"end":{"line":1399,"column":9}},"541":{"start":{"line":1381,"column":8},"end":{"line":1381,"column":28}},"542":{"start":{"line":1384,"column":8},"end":{"line":1394,"column":9}},"543":{"start":{"line":1385,"column":26},"end":{"line":1385,"column":56}},"544":{"start":{"line":1386,"column":31},"end":{"line":1386,"column":58}},"545":{"start":{"line":1387,"column":30},"end":{"line":1387,"column":60}},"546":{"start":{"line":1390,"column":10},"end":{"line":1393,"column":11}},"547":{"start":{"line":1392,"column":12},"end":{"line":1392,"column":19}},"548":{"start":{"line":1396,"column":8},"end":{"line":1396,"column":67}},"549":{"start":{"line":1397,"column":8},"end":{"line":1397,"column":22}},"550":{"start":{"line":1398,"column":8},"end":{"line":1398,"column":28}},"551":{"start":{"line":1403,"column":4},"end":{"line":1479,"column":5}},"552":{"start":{"line":1405,"column":23},"end":{"line":1405,"column":88}},"553":{"start":{"line":1406,"column":6},"end":{"line":1478,"column":9}},"554":{"start":{"line":1407,"column":8},"end":{"line":1477,"column":11}},"555":{"start":{"line":1408,"column":10},"end":{"line":1408,"column":30}},"556":{"start":{"line":1409,"column":26},"end":{"line":1409,"column":55}},"557":{"start":{"line":1410,"column":10},"end":{"line":1476,"column":11}},"558":{"start":{"line":1411,"column":40},"end":{"line":1411,"column":70}},"559":{"start":{"line":1412,"column":33},"end":{"line":1412,"column":64}},"560":{"start":{"line":1414,"column":12},"end":{"line":1475,"column":13}},"561":{"start":{"line":1416,"column":28},"end":{"line":1420,"column":15}},"562":{"start":{"line":1417,"column":18},"end":{"line":1419,"column":64}},"563":{"start":{"line":1422,"column":14},"end":{"line":1428,"column":15}},"564":{"start":{"line":1424,"column":16},"end":{"line":1424,"column":54}},"565":{"start":{"line":1427,"column":16},"end":{"line":1427,"column":52}},"566":{"start":{"line":1432,"column":14},"end":{"line":1432,"column":70}},"567":{"start":{"line":1432,"column":37},"end":{"line":1432,"column":68}},"568":{"start":{"line":1435,"column":14},"end":{"line":1441,"column":17}},"569":{"start":{"line":1436,"column":31},"end":{"line":1436,"column":105}},"570":{"start":{"line":1437,"column":35},"end":{"line":1437,"column":97}},"571":{"start":{"line":1438,"column":16},"end":{"line":1440,"column":17}},"572":{"start":{"line":1439,"column":18},"end":{"line":1439,"column":55}},"573":{"start":{"line":1443,"column":14},"end":{"line":1443,"column":28}},"574":{"start":{"line":1444,"column":14},"end":{"line":1444,"column":34}},"575":{"start":{"line":1447,"column":14},"end":{"line":1447,"column":50}},"576":{"start":{"line":1451,"column":14},"end":{"line":1451,"column":70}},"577":{"start":{"line":1451,"column":37},"end":{"line":1451,"column":68}},"578":{"start":{"line":1453,"column":14},"end":{"line":1453,"column":44}},"579":{"start":{"line":1456,"column":28},"end":{"line":1462,"column":16}},"580":{"start":{"line":1463,"column":14},"end":{"line":1463,"column":48}},"581":{"start":{"line":1466,"column":14},"end":{"line":1466,"column":38}},"582":{"start":{"line":1469,"column":14},"end":{"line":1469,"column":26}},"583":{"start":{"line":1472,"column":14},"end":{"line":1474,"column":15}},"584":{"start":{"line":1473,"column":16},"end":{"line":1473,"column":65}},"585":{"start":{"line":1486,"column":4},"end":{"line":1570,"column":5}},"586":{"start":{"line":1487,"column":25},"end":{"line":1487,"column":84}},"587":{"start":{"line":1488,"column":6},"end":{"line":1569,"column":9}},"588":{"start":{"line":1489,"column":8},"end":{"line":1568,"column":11}},"589":{"start":{"line":1490,"column":10},"end":{"line":1490,"column":30}},"590":{"start":{"line":1491,"column":24},"end":{"line":1491,"column":69}},"591":{"start":{"line":1492,"column":23},"end":{"line":1492,"column":67}},"592":{"start":{"line":1494,"column":10},"end":{"line":1567,"column":11}},"593":{"start":{"line":1496,"column":26},"end":{"line":1498,"column":13}},"594":{"start":{"line":1497,"column":16},"end":{"line":1497,"column":52}},"595":{"start":{"line":1500,"column":12},"end":{"line":1518,"column":13}},"596":{"start":{"line":1502,"column":14},"end":{"line":1505,"column":15}},"597":{"start":{"line":1504,"column":16},"end":{"line":1504,"column":44}},"598":{"start":{"line":1508,"column":14},"end":{"line":1508,"column":56}},"599":{"start":{"line":1511,"column":14},"end":{"line":1511,"column":94}},"600":{"start":{"line":1511,"column":64},"end":{"line":1511,"column":92}},"601":{"start":{"line":1514,"column":14},"end":{"line":1514,"column":51}},"602":{"start":{"line":1517,"column":14},"end":{"line":1517,"column":94}},"603":{"start":{"line":1517,"column":64},"end":{"line":1517,"column":92}},"604":{"start":{"line":1522,"column":12},"end":{"line":1522,"column":26}},"605":{"start":{"line":1523,"column":12},"end":{"line":1523,"column":32}},"606":{"start":{"line":1526,"column":12},"end":{"line":1526,"column":36}},"607":{"start":{"line":1529,"column":12},"end":{"line":1531,"column":13}},"608":{"start":{"line":1530,"column":14},"end":{"line":1530,"column":60}},"609":{"start":{"line":1534,"column":12},"end":{"line":1534,"column":52}},"610":{"start":{"line":1537,"column":12},"end":{"line":1537,"column":60}},"611":{"start":{"line":1540,"column":12},"end":{"line":1540,"column":56}},"612":{"start":{"line":1543,"column":12},"end":{"line":1543,"column":26}},"613":{"start":{"line":1544,"column":12},"end":{"line":1544,"column":32}},"614":{"start":{"line":1548,"column":26},"end":{"line":1554,"column":14}},"615":{"start":{"line":1555,"column":12},"end":{"line":1555,"column":46}},"616":{"start":{"line":1558,"column":12},"end":{"line":1558,"column":36}},"617":{"start":{"line":1561,"column":12},"end":{"line":1561,"column":24}},"618":{"start":{"line":1564,"column":12},"end":{"line":1566,"column":13}},"619":{"start":{"line":1565,"column":14},"end":{"line":1565,"column":63}},"620":{"start":{"line":1573,"column":26},"end":{"line":1573,"column":70}},"621":{"start":{"line":1574,"column":4},"end":{"line":1598,"column":7}},"622":{"start":{"line":1575,"column":6},"end":{"line":1597,"column":9}},"623":{"start":{"line":1576,"column":8},"end":{"line":1576,"column":28}},"624":{"start":{"line":1577,"column":22},"end":{"line":1577,"column":66}},"625":{"start":{"line":1579,"column":8},"end":{"line":1583,"column":9}},"626":{"start":{"line":1580,"column":10},"end":{"line":1580,"column":46}},"627":{"start":{"line":1582,"column":10},"end":{"line":1582,"column":47}},"628":{"start":{"line":1585,"column":8},"end":{"line":1585,"column":22}},"629":{"start":{"line":1586,"column":8},"end":{"line":1586,"column":28}},"630":{"start":{"line":1589,"column":8},"end":{"line":1596,"column":9}},"631":{"start":{"line":1590,"column":10},"end":{"line":1595,"column":11}},"632":{"start":{"line":1591,"column":12},"end":{"line":1591,"column":106}},"633":{"start":{"line":1593,"column":26},"end":{"line":1593,"column":84}},"634":{"start":{"line":1593,"column":55},"end":{"line":1593,"column":83}},"635":{"start":{"line":1594,"column":12},"end":{"line":1594,"column":80}},"636":{"start":{"line":1601,"column":21},"end":{"line":1601,"column":72}},"637":{"start":{"line":1602,"column":4},"end":{"line":1624,"column":5}},"638":{"start":{"line":1603,"column":6},"end":{"line":1623,"column":9}},"639":{"start":{"line":1604,"column":8},"end":{"line":1604,"column":28}},"640":{"start":{"line":1605,"column":8},"end":{"line":1605,"column":32}},"641":{"start":{"line":1606,"column":8},"end":{"line":1606,"column":33}},"642":{"start":{"line":1607,"column":8},"end":{"line":1607,"column":22}},"643":{"start":{"line":1608,"column":8},"end":{"line":1608,"column":28}},"644":{"start":{"line":1611,"column":8},"end":{"line":1613,"column":9}},"645":{"start":{"line":1612,"column":10},"end":{"line":1612,"column":39}},"646":{"start":{"line":1616,"column":22},"end":{"line":1616,"column":56}},"647":{"start":{"line":1617,"column":8},"end":{"line":1617,"column":42}},"648":{"start":{"line":1620,"column":8},"end":{"line":1622,"column":9}},"649":{"start":{"line":1621,"column":10},"end":{"line":1621,"column":42}},"650":{"start":{"line":1631,"column":21},"end":{"line":1631,"column":72}},"651":{"start":{"line":1632,"column":4},"end":{"line":1683,"column":5}},"652":{"start":{"line":1635,"column":26},"end":{"line":1635,"column":50}},"653":{"start":{"line":1636,"column":6},"end":{"line":1636,"column":62}},"654":{"start":{"line":1639,"column":6},"end":{"line":1682,"column":9}},"655":{"start":{"line":1640,"column":8},"end":{"line":1640,"column":28}},"656":{"start":{"line":1646,"column":8},"end":{"line":1646,"column":32}},"657":{"start":{"line":1649,"column":8},"end":{"line":1649,"column":20}},"658":{"start":{"line":1652,"column":8},"end":{"line":1671,"column":9}},"659":{"start":{"line":1654,"column":10},"end":{"line":1670,"column":11}},"660":{"start":{"line":1655,"column":12},"end":{"line":1661,"column":13}},"661":{"start":{"line":1656,"column":28},"end":{"line":1656,"column":86}},"662":{"start":{"line":1656,"column":57},"end":{"line":1656,"column":85}},"663":{"start":{"line":1658,"column":14},"end":{"line":1658,"column":47}},"664":{"start":{"line":1660,"column":14},"end":{"line":1660,"column":46}},"665":{"start":{"line":1664,"column":15},"end":{"line":1670,"column":11}},"666":{"start":{"line":1665,"column":12},"end":{"line":1669,"column":13}},"667":{"start":{"line":1666,"column":14},"end":{"line":1666,"column":112}},"668":{"start":{"line":1668,"column":14},"end":{"line":1668,"column":46}},"669":{"start":{"line":1674,"column":22},"end":{"line":1680,"column":10}},"670":{"start":{"line":1681,"column":8},"end":{"line":1681,"column":42}},"671":{"start":{"line":1695,"column":4},"end":{"line":1703,"column":5}},"672":{"start":{"line":1696,"column":6},"end":{"line":1696,"column":31}},"673":{"start":{"line":1697,"column":6},"end":{"line":1699,"column":7}},"674":{"start":{"line":1698,"column":8},"end":{"line":1698,"column":33}},"675":{"start":{"line":1700,"column":6},"end":{"line":1700,"column":20}},"676":{"start":{"line":1701,"column":6},"end":{"line":1701,"column":26}},"677":{"start":{"line":1702,"column":6},"end":{"line":1702,"column":30}},"678":{"start":{"line":1704,"column":4},"end":{"line":1704,"column":16}},"679":{"start":{"line":1708,"column":4},"end":{"line":1708,"column":29}},"680":{"start":{"line":1716,"column":4},"end":{"line":1727,"column":5}},"681":{"start":{"line":1717,"column":6},"end":{"line":1717,"column":38}},"682":{"start":{"line":1720,"column":6},"end":{"line":1722,"column":7}},"683":{"start":{"line":1721,"column":8},"end":{"line":1721,"column":33}},"684":{"start":{"line":1725,"column":6},"end":{"line":1725,"column":20}},"685":{"start":{"line":1726,"column":6},"end":{"line":1726,"column":26}},"686":{"start":{"line":1728,"column":4},"end":{"line":1728,"column":16}},"687":{"start":{"line":1736,"column":4},"end":{"line":1756,"column":5}},"688":{"start":{"line":1737,"column":6},"end":{"line":1737,"column":54}},"689":{"start":{"line":1737,"column":41},"end":{"line":1737,"column":52}},"690":{"start":{"line":1740,"column":6},"end":{"line":1743,"column":10}},"691":{"start":{"line":1740,"column":43},"end":{"line":1743,"column":7}},"692":{"start":{"line":1744,"column":11},"end":{"line":1756,"column":5}},"693":{"start":{"line":1745,"column":6},"end":{"line":1745,"column":44}},"694":{"start":{"line":1748,"column":16},"end":{"line":1748,"column":30}},"695":{"start":{"line":1749,"column":6},"end":{"line":1752,"column":9}},"696":{"start":{"line":1754,"column":6},"end":{"line":1754,"column":30}},"697":{"start":{"line":1755,"column":6},"end":{"line":1755,"column":31}},"698":{"start":{"line":1758,"column":4},"end":{"line":1758,"column":18}},"699":{"start":{"line":1759,"column":4},"end":{"line":1759,"column":24}},"700":{"start":{"line":1760,"column":4},"end":{"line":1760,"column":28}},"701":{"start":{"line":1762,"column":4},"end":{"line":1762,"column":16}},"702":{"start":{"line":1770,"column":4},"end":{"line":1770,"column":43}},"703":{"start":{"line":1773,"column":4},"end":{"line":1785,"column":5}},"704":{"start":{"line":1775,"column":6},"end":{"line":1775,"column":62}},"705":{"start":{"line":1778,"column":6},"end":{"line":1780,"column":8}},"706":{"start":{"line":1779,"column":10},"end":{"line":1779,"column":38}},"707":{"start":{"line":1782,"column":6},"end":{"line":1782,"column":20}},"708":{"start":{"line":1783,"column":6},"end":{"line":1783,"column":26}},"709":{"start":{"line":1784,"column":6},"end":{"line":1784,"column":30}},"710":{"start":{"line":1787,"column":4},"end":{"line":1787,"column":16}},"711":{"start":{"line":1795,"column":4},"end":{"line":1803,"column":5}},"712":{"start":{"line":1796,"column":6},"end":{"line":1797,"column":83}},"713":{"start":{"line":1800,"column":20},"end":{"line":1800,"column":78}},"714":{"start":{"line":1800,"column":49},"end":{"line":1800,"column":77}},"715":{"start":{"line":1801,"column":6},"end":{"line":1802,"column":59}},"716":{"start":{"line":1811,"column":4},"end":{"line":1811,"column":41}},"717":{"start":{"line":1812,"column":4},"end":{"line":1812,"column":18}},"718":{"start":{"line":1813,"column":4},"end":{"line":1813,"column":24}},"719":{"start":{"line":1814,"column":4},"end":{"line":1814,"column":16}},"720":{"start":{"line":1822,"column":4},"end":{"line":1822,"column":43}},"721":{"start":{"line":1823,"column":4},"end":{"line":1823,"column":18}},"722":{"start":{"line":1824,"column":4},"end":{"line":1824,"column":24}},"723":{"start":{"line":1825,"column":4},"end":{"line":1825,"column":16}},"724":{"start":{"line":1833,"column":4},"end":{"line":1833,"column":41}},"725":{"start":{"line":1834,"column":4},"end":{"line":1834,"column":43}},"726":{"start":{"line":1835,"column":4},"end":{"line":1835,"column":18}},"727":{"start":{"line":1836,"column":4},"end":{"line":1836,"column":24}},"728":{"start":{"line":1837,"column":4},"end":{"line":1837,"column":16}},"729":{"start":{"line":1845,"column":4},"end":{"line":1845,"column":37}},"730":{"start":{"line":1846,"column":4},"end":{"line":1846,"column":28}},"731":{"start":{"line":1847,"column":4},"end":{"line":1847,"column":16}},"732":{"start":{"line":1855,"column":4},"end":{"line":1855,"column":38}},"733":{"start":{"line":1856,"column":4},"end":{"line":1856,"column":28}},"734":{"start":{"line":1857,"column":4},"end":{"line":1857,"column":16}},"735":{"start":{"line":1865,"column":4},"end":{"line":1865,"column":56}},"736":{"start":{"line":1866,"column":4},"end":{"line":1866,"column":18}},"737":{"start":{"line":1867,"column":4},"end":{"line":1867,"column":24}},"738":{"start":{"line":1868,"column":4},"end":{"line":1868,"column":16}},"739":{"start":{"line":1876,"column":4},"end":{"line":1876,"column":56}},"740":{"start":{"line":1877,"column":4},"end":{"line":1877,"column":18}},"741":{"start":{"line":1878,"column":4},"end":{"line":1878,"column":24}},"742":{"start":{"line":1879,"column":4},"end":{"line":1879,"column":16}},"743":{"start":{"line":1887,"column":4},"end":{"line":1890,"column":5}},"744":{"start":{"line":1888,"column":30},"end":{"line":1888,"column":63}},"745":{"start":{"line":1889,"column":6},"end":{"line":1889,"column":84}},"746":{"start":{"line":1893,"column":4},"end":{"line":1895,"column":5}},"747":{"start":{"line":1894,"column":6},"end":{"line":1894,"column":74}},"748":{"start":{"line":1898,"column":4},"end":{"line":1898,"column":24}},"749":{"start":{"line":1899,"column":4},"end":{"line":1899,"column":29}},"750":{"start":{"line":1900,"column":4},"end":{"line":1900,"column":33}},"751":{"start":{"line":1901,"column":4},"end":{"line":1901,"column":24}},"752":{"start":{"line":1906,"column":24},"end":{"line":1906,"column":38}},"753":{"start":{"line":1907,"column":4},"end":{"line":1927,"column":5}},"754":{"start":{"line":1908,"column":6},"end":{"line":1917,"column":20}},"755":{"start":{"line":1909,"column":22},"end":{"line":1909,"column":69}},"756":{"start":{"line":1910,"column":21},"end":{"line":1910,"column":36}},"757":{"start":{"line":1911,"column":20},"end":{"line":1911,"column":30}},"758":{"start":{"line":1912,"column":8},"end":{"line":1916,"column":9}},"759":{"start":{"line":1913,"column":10},"end":{"line":1913,"column":43}},"760":{"start":{"line":1915,"column":10},"end":{"line":1915,"column":36}},"761":{"start":{"line":1919,"column":20},"end":{"line":1919,"column":71}},"762":{"start":{"line":1920,"column":19},"end":{"line":1920,"column":38}},"763":{"start":{"line":1921,"column":18},"end":{"line":1921,"column":33}},"764":{"start":{"line":1922,"column":6},"end":{"line":1926,"column":7}},"765":{"start":{"line":1923,"column":10},"end":{"line":1923,"column":44}},"766":{"start":{"line":1925,"column":10},"end":{"line":1925,"column":36}},"767":{"start":{"line":1934,"column":0},"end":{"line":1934,"column":39}}},"fnMap":{"0":{"name":"(anonymous_0)","decl":{"start":{"line":125,"column":2},"end":{"line":125,"column":3}},"loc":{"start":{"line":125,"column":38},"end":{"line":260,"column":3}},"line":125},"1":{"name":"(anonymous_1)","decl":{"start":{"line":168,"column":25},"end":{"line":168,"column":26}},"loc":{"start":{"line":168,"column":50},"end":{"line":173,"column":9}},"line":168},"2":{"name":"(anonymous_2)","decl":{"start":{"line":252,"column":48},"end":{"line":252,"column":49}},"loc":{"start":{"line":252,"column":53},"end":{"line":252,"column":81}},"line":252},"3":{"name":"(anonymous_3)","decl":{"start":{"line":268,"column":2},"end":{"line":268,"column":3}},"loc":{"start":{"line":268,"column":23},"end":{"line":317,"column":3}},"line":268},"4":{"name":"(anonymous_4)","decl":{"start":{"line":282,"column":45},"end":{"line":282,"column":46}},"loc":{"start":{"line":282,"column":61},"end":{"line":313,"column":7}},"line":282},"5":{"name":"(anonymous_5)","decl":{"start":{"line":322,"column":2},"end":{"line":322,"column":3}},"loc":{"start":{"line":322,"column":29},"end":{"line":439,"column":3}},"line":322},"6":{"name":"(anonymous_6)","decl":{"start":{"line":446,"column":2},"end":{"line":446,"column":3}},"loc":{"start":{"line":446,"column":23},"end":{"line":448,"column":3}},"line":446},"7":{"name":"(anonymous_7)","decl":{"start":{"line":453,"column":2},"end":{"line":453,"column":3}},"loc":{"start":{"line":453,"column":29},"end":{"line":471,"column":3}},"line":453},"8":{"name":"(anonymous_8)","decl":{"start":{"line":462,"column":50},"end":{"line":462,"column":51}},"loc":{"start":{"line":462,"column":57},"end":{"line":462,"column":67}},"line":462},"9":{"name":"(anonymous_9)","decl":{"start":{"line":466,"column":13},"end":{"line":466,"column":14}},"loc":{"start":{"line":466,"column":24},"end":{"line":469,"column":9}},"line":466},"10":{"name":"(anonymous_10)","decl":{"start":{"line":470,"column":16},"end":{"line":470,"column":17}},"loc":{"start":{"line":470,"column":24},"end":{"line":470,"column":37}},"line":470},"11":{"name":"(anonymous_11)","decl":{"start":{"line":476,"column":2},"end":{"line":476,"column":3}},"loc":{"start":{"line":476,"column":30},"end":{"line":535,"column":3}},"line":476},"12":{"name":"(anonymous_12)","decl":{"start":{"line":480,"column":51},"end":{"line":480,"column":52}},"loc":{"start":{"line":480,"column":58},"end":{"line":480,"column":68}},"line":480},"13":{"name":"(anonymous_13)","decl":{"start":{"line":484,"column":13},"end":{"line":484,"column":14}},"loc":{"start":{"line":484,"column":25},"end":{"line":533,"column":9}},"line":484},"14":{"name":"(anonymous_14)","decl":{"start":{"line":504,"column":65},"end":{"line":504,"column":66}},"loc":{"start":{"line":505,"column":16},"end":{"line":505,"column":67}},"line":505},"15":{"name":"(anonymous_15)","decl":{"start":{"line":534,"column":16},"end":{"line":534,"column":17}},"loc":{"start":{"line":534,"column":25},"end":{"line":534,"column":39}},"line":534},"16":{"name":"(anonymous_16)","decl":{"start":{"line":541,"column":2},"end":{"line":541,"column":3}},"loc":{"start":{"line":541,"column":54},"end":{"line":547,"column":3}},"line":541},"17":{"name":"(anonymous_17)","decl":{"start":{"line":557,"column":2},"end":{"line":557,"column":3}},"loc":{"start":{"line":557,"column":27},"end":{"line":605,"column":3}},"line":557},"18":{"name":"(anonymous_18)","decl":{"start":{"line":612,"column":2},"end":{"line":612,"column":3}},"loc":{"start":{"line":612,"column":19},"end":{"line":671,"column":3}},"line":612},"19":{"name":"(anonymous_19)","decl":{"start":{"line":676,"column":2},"end":{"line":676,"column":3}},"loc":{"start":{"line":676,"column":9},"end":{"line":696,"column":3}},"line":676},"20":{"name":"(anonymous_20)","decl":{"start":{"line":689,"column":39},"end":{"line":689,"column":40}},"loc":{"start":{"line":689,"column":46},"end":{"line":695,"column":5}},"line":689},"21":{"name":"(anonymous_21)","decl":{"start":{"line":701,"column":2},"end":{"line":701,"column":3}},"loc":{"start":{"line":701,"column":22},"end":{"line":724,"column":3}},"line":701},"22":{"name":"(anonymous_22)","decl":{"start":{"line":708,"column":48},"end":{"line":708,"column":49}},"loc":{"start":{"line":708,"column":55},"end":{"line":715,"column":5}},"line":708},"23":{"name":"(anonymous_23)","decl":{"start":{"line":729,"column":2},"end":{"line":729,"column":3}},"loc":{"start":{"line":729,"column":21},"end":{"line":762,"column":3}},"line":729},"24":{"name":"(anonymous_24)","decl":{"start":{"line":736,"column":54},"end":{"line":736,"column":55}},"loc":{"start":{"line":737,"column":12},"end":{"line":737,"column":55}},"line":737},"25":{"name":"(anonymous_25)","decl":{"start":{"line":750,"column":56},"end":{"line":750,"column":57}},"loc":{"start":{"line":751,"column":12},"end":{"line":751,"column":83}},"line":751},"26":{"name":"(anonymous_26)","decl":{"start":{"line":767,"column":2},"end":{"line":767,"column":3}},"loc":{"start":{"line":767,"column":9},"end":{"line":842,"column":3}},"line":767},"27":{"name":"(anonymous_27)","decl":{"start":{"line":779,"column":48},"end":{"line":779,"column":49}},"loc":{"start":{"line":779,"column":53},"end":{"line":779,"column":81}},"line":779},"28":{"name":"(anonymous_28)","decl":{"start":{"line":825,"column":17},"end":{"line":825,"column":18}},"loc":{"start":{"line":825,"column":23},"end":{"line":827,"column":7}},"line":825},"29":{"name":"(anonymous_29)","decl":{"start":{"line":830,"column":27},"end":{"line":830,"column":28}},"loc":{"start":{"line":830,"column":33},"end":{"line":834,"column":7}},"line":830},"30":{"name":"(anonymous_30)","decl":{"start":{"line":847,"column":2},"end":{"line":847,"column":3}},"loc":{"start":{"line":847,"column":9},"end":{"line":865,"column":3}},"line":847},"31":{"name":"(anonymous_31)","decl":{"start":{"line":868,"column":2},"end":{"line":868,"column":3}},"loc":{"start":{"line":868,"column":22},"end":{"line":874,"column":3}},"line":868},"32":{"name":"(anonymous_32)","decl":{"start":{"line":877,"column":2},"end":{"line":877,"column":3}},"loc":{"start":{"line":877,"column":18},"end":{"line":889,"column":3}},"line":877},"33":{"name":"(anonymous_33)","decl":{"start":{"line":892,"column":2},"end":{"line":892,"column":3}},"loc":{"start":{"line":892,"column":26},"end":{"line":897,"column":3}},"line":892},"34":{"name":"(anonymous_34)","decl":{"start":{"line":902,"column":2},"end":{"line":902,"column":3}},"loc":{"start":{"line":902,"column":29},"end":{"line":919,"column":3}},"line":902},"35":{"name":"(anonymous_35)","decl":{"start":{"line":924,"column":2},"end":{"line":924,"column":3}},"loc":{"start":{"line":924,"column":33},"end":{"line":948,"column":3}},"line":924},"36":{"name":"(anonymous_36)","decl":{"start":{"line":951,"column":2},"end":{"line":951,"column":3}},"loc":{"start":{"line":951,"column":11},"end":{"line":1030,"column":3}},"line":951},"37":{"name":"(anonymous_37)","decl":{"start":{"line":1033,"column":2},"end":{"line":1033,"column":3}},"loc":{"start":{"line":1033,"column":18},"end":{"line":1174,"column":3}},"line":1033},"38":{"name":"(anonymous_38)","decl":{"start":{"line":1177,"column":2},"end":{"line":1177,"column":3}},"loc":{"start":{"line":1177,"column":20},"end":{"line":1221,"column":3}},"line":1177},"39":{"name":"(anonymous_39)","decl":{"start":{"line":1224,"column":2},"end":{"line":1224,"column":3}},"loc":{"start":{"line":1224,"column":34},"end":{"line":1239,"column":3}},"line":1224},"40":{"name":"(anonymous_40)","decl":{"start":{"line":1242,"column":2},"end":{"line":1242,"column":3}},"loc":{"start":{"line":1242,"column":24},"end":{"line":1258,"column":3}},"line":1242},"41":{"name":"(anonymous_41)","decl":{"start":{"line":1246,"column":31},"end":{"line":1246,"column":32}},"loc":{"start":{"line":1246,"column":48},"end":{"line":1254,"column":5}},"line":1246},"42":{"name":"(anonymous_42)","decl":{"start":{"line":1261,"column":2},"end":{"line":1261,"column":3}},"loc":{"start":{"line":1261,"column":25},"end":{"line":1293,"column":3}},"line":1261},"43":{"name":"(anonymous_43)","decl":{"start":{"line":1265,"column":32},"end":{"line":1265,"column":33}},"loc":{"start":{"line":1265,"column":49},"end":{"line":1289,"column":5}},"line":1265},"44":{"name":"(anonymous_44)","decl":{"start":{"line":1296,"column":2},"end":{"line":1296,"column":3}},"loc":{"start":{"line":1296,"column":23},"end":{"line":1302,"column":3}},"line":1296},"45":{"name":"(anonymous_45)","decl":{"start":{"line":1297,"column":35},"end":{"line":1297,"column":36}},"loc":{"start":{"line":1298,"column":8},"end":{"line":1300,"column":57}},"line":1298},"46":{"name":"(anonymous_46)","decl":{"start":{"line":1305,"column":2},"end":{"line":1305,"column":3}},"loc":{"start":{"line":1305,"column":31},"end":{"line":1309,"column":3}},"line":1305},"47":{"name":"(anonymous_47)","decl":{"start":{"line":1306,"column":36},"end":{"line":1306,"column":37}},"loc":{"start":{"line":1307,"column":8},"end":{"line":1307,"column":50}},"line":1307},"48":{"name":"(anonymous_48)","decl":{"start":{"line":1312,"column":2},"end":{"line":1312,"column":3}},"loc":{"start":{"line":1312,"column":32},"end":{"line":1317,"column":3}},"line":1312},"49":{"name":"(anonymous_49)","decl":{"start":{"line":1320,"column":2},"end":{"line":1320,"column":3}},"loc":{"start":{"line":1320,"column":17},"end":{"line":1684,"column":3}},"line":1320},"50":{"name":"(anonymous_50)","decl":{"start":{"line":1324,"column":19},"end":{"line":1324,"column":20}},"loc":{"start":{"line":1324,"column":26},"end":{"line":1339,"column":7}},"line":1324},"51":{"name":"(anonymous_51)","decl":{"start":{"line":1325,"column":38},"end":{"line":1325,"column":39}},"loc":{"start":{"line":1325,"column":45},"end":{"line":1338,"column":9}},"line":1325},"52":{"name":"(anonymous_52)","decl":{"start":{"line":1345,"column":46},"end":{"line":1345,"column":47}},"loc":{"start":{"line":1345,"column":53},"end":{"line":1349,"column":7}},"line":1345},"53":{"name":"(anonymous_53)","decl":{"start":{"line":1357,"column":45},"end":{"line":1357,"column":46}},"loc":{"start":{"line":1357,"column":52},"end":{"line":1376,"column":7}},"line":1357},"54":{"name":"(anonymous_54)","decl":{"start":{"line":1380,"column":45},"end":{"line":1380,"column":46}},"loc":{"start":{"line":1380,"column":52},"end":{"line":1399,"column":7}},"line":1380},"55":{"name":"(anonymous_55)","decl":{"start":{"line":1406,"column":23},"end":{"line":1406,"column":24}},"loc":{"start":{"line":1406,"column":30},"end":{"line":1478,"column":7}},"line":1406},"56":{"name":"(anonymous_56)","decl":{"start":{"line":1407,"column":38},"end":{"line":1407,"column":39}},"loc":{"start":{"line":1407,"column":45},"end":{"line":1477,"column":9}},"line":1407},"57":{"name":"(anonymous_57)","decl":{"start":{"line":1416,"column":57},"end":{"line":1416,"column":58}},"loc":{"start":{"line":1417,"column":18},"end":{"line":1419,"column":64}},"line":1417},"58":{"name":"(anonymous_58)","decl":{"start":{"line":1432,"column":31},"end":{"line":1432,"column":32}},"loc":{"start":{"line":1432,"column":37},"end":{"line":1432,"column":68}},"line":1432},"59":{"name":"(anonymous_59)","decl":{"start":{"line":1435,"column":41},"end":{"line":1435,"column":42}},"loc":{"start":{"line":1435,"column":53},"end":{"line":1441,"column":15}},"line":1435},"60":{"name":"(anonymous_60)","decl":{"start":{"line":1451,"column":31},"end":{"line":1451,"column":32}},"loc":{"start":{"line":1451,"column":37},"end":{"line":1451,"column":68}},"line":1451},"61":{"name":"(anonymous_61)","decl":{"start":{"line":1488,"column":25},"end":{"line":1488,"column":26}},"loc":{"start":{"line":1488,"column":33},"end":{"line":1569,"column":7}},"line":1488},"62":{"name":"(anonymous_62)","decl":{"start":{"line":1489,"column":39},"end":{"line":1489,"column":40}},"loc":{"start":{"line":1489,"column":46},"end":{"line":1568,"column":9}},"line":1489},"63":{"name":"(anonymous_63)","decl":{"start":{"line":1496,"column":56},"end":{"line":1496,"column":57}},"loc":{"start":{"line":1497,"column":16},"end":{"line":1497,"column":52}},"line":1497},"64":{"name":"(anonymous_64)","decl":{"start":{"line":1511,"column":59},"end":{"line":1511,"column":60}},"loc":{"start":{"line":1511,"column":64},"end":{"line":1511,"column":92}},"line":1511},"65":{"name":"(anonymous_65)","decl":{"start":{"line":1517,"column":59},"end":{"line":1517,"column":60}},"loc":{"start":{"line":1517,"column":64},"end":{"line":1517,"column":92}},"line":1517},"66":{"name":"(anonymous_66)","decl":{"start":{"line":1574,"column":26},"end":{"line":1574,"column":27}},"loc":{"start":{"line":1574,"column":33},"end":{"line":1598,"column":5}},"line":1574},"67":{"name":"(anonymous_67)","decl":{"start":{"line":1575,"column":36},"end":{"line":1575,"column":37}},"loc":{"start":{"line":1575,"column":43},"end":{"line":1597,"column":7}},"line":1575},"68":{"name":"(anonymous_68)","decl":{"start":{"line":1593,"column":50},"end":{"line":1593,"column":51}},"loc":{"start":{"line":1593,"column":55},"end":{"line":1593,"column":83}},"line":1593},"69":{"name":"(anonymous_69)","decl":{"start":{"line":1603,"column":41},"end":{"line":1603,"column":42}},"loc":{"start":{"line":1603,"column":48},"end":{"line":1623,"column":7}},"line":1603},"70":{"name":"(anonymous_70)","decl":{"start":{"line":1639,"column":44},"end":{"line":1639,"column":45}},"loc":{"start":{"line":1639,"column":51},"end":{"line":1682,"column":7}},"line":1639},"71":{"name":"(anonymous_71)","decl":{"start":{"line":1656,"column":52},"end":{"line":1656,"column":53}},"loc":{"start":{"line":1656,"column":57},"end":{"line":1656,"column":85}},"line":1656},"72":{"name":"(anonymous_72)","decl":{"start":{"line":1694,"column":2},"end":{"line":1694,"column":3}},"loc":{"start":{"line":1694,"column":16},"end":{"line":1705,"column":3}},"line":1694},"73":{"name":"(anonymous_73)","decl":{"start":{"line":1707,"column":2},"end":{"line":1707,"column":3}},"loc":{"start":{"line":1707,"column":12},"end":{"line":1709,"column":3}},"line":1707},"74":{"name":"(anonymous_74)","decl":{"start":{"line":1715,"column":2},"end":{"line":1715,"column":3}},"loc":{"start":{"line":1715,"column":23},"end":{"line":1729,"column":3}},"line":1715},"75":{"name":"(anonymous_75)","decl":{"start":{"line":1735,"column":2},"end":{"line":1735,"column":3}},"loc":{"start":{"line":1735,"column":16},"end":{"line":1763,"column":3}},"line":1735},"76":{"name":"(anonymous_76)","decl":{"start":{"line":1737,"column":36},"end":{"line":1737,"column":37}},"loc":{"start":{"line":1737,"column":41},"end":{"line":1737,"column":52}},"line":1737},"77":{"name":"(anonymous_77)","decl":{"start":{"line":1740,"column":37},"end":{"line":1740,"column":38}},"loc":{"start":{"line":1740,"column":43},"end":{"line":1743,"column":7}},"line":1740},"78":{"name":"(anonymous_78)","decl":{"start":{"line":1769,"column":2},"end":{"line":1769,"column":3}},"loc":{"start":{"line":1769,"column":30},"end":{"line":1788,"column":3}},"line":1769},"79":{"name":"(anonymous_79)","decl":{"start":{"line":1778,"column":51},"end":{"line":1778,"column":52}},"loc":{"start":{"line":1779,"column":10},"end":{"line":1779,"column":38}},"line":1779},"80":{"name":"(anonymous_80)","decl":{"start":{"line":1794,"column":2},"end":{"line":1794,"column":3}},"loc":{"start":{"line":1794,"column":12},"end":{"line":1804,"column":3}},"line":1794},"81":{"name":"(anonymous_81)","decl":{"start":{"line":1800,"column":44},"end":{"line":1800,"column":45}},"loc":{"start":{"line":1800,"column":49},"end":{"line":1800,"column":77}},"line":1800},"82":{"name":"(anonymous_82)","decl":{"start":{"line":1810,"column":2},"end":{"line":1810,"column":3}},"loc":{"start":{"line":1810,"column":26},"end":{"line":1815,"column":3}},"line":1810},"83":{"name":"(anonymous_83)","decl":{"start":{"line":1821,"column":2},"end":{"line":1821,"column":3}},"loc":{"start":{"line":1821,"column":28},"end":{"line":1826,"column":3}},"line":1821},"84":{"name":"(anonymous_84)","decl":{"start":{"line":1832,"column":2},"end":{"line":1832,"column":3}},"loc":{"start":{"line":1832,"column":22},"end":{"line":1838,"column":3}},"line":1832},"85":{"name":"(anonymous_85)","decl":{"start":{"line":1844,"column":2},"end":{"line":1844,"column":3}},"loc":{"start":{"line":1844,"column":24},"end":{"line":1848,"column":3}},"line":1844},"86":{"name":"(anonymous_86)","decl":{"start":{"line":1854,"column":2},"end":{"line":1854,"column":3}},"loc":{"start":{"line":1854,"column":25},"end":{"line":1858,"column":3}},"line":1854},"87":{"name":"(anonymous_87)","decl":{"start":{"line":1864,"column":2},"end":{"line":1864,"column":3}},"loc":{"start":{"line":1864,"column":19},"end":{"line":1869,"column":3}},"line":1864},"88":{"name":"(anonymous_88)","decl":{"start":{"line":1875,"column":2},"end":{"line":1875,"column":3}},"loc":{"start":{"line":1875,"column":19},"end":{"line":1880,"column":3}},"line":1875},"89":{"name":"(anonymous_89)","decl":{"start":{"line":1885,"column":2},"end":{"line":1885,"column":3}},"loc":{"start":{"line":1885,"column":12},"end":{"line":1902,"column":3}},"line":1885},"90":{"name":"(anonymous_90)","decl":{"start":{"line":1905,"column":2},"end":{"line":1905,"column":3}},"loc":{"start":{"line":1905,"column":26},"end":{"line":1928,"column":3}},"line":1905},"91":{"name":"(anonymous_91)","decl":{"start":{"line":1908,"column":23},"end":{"line":1908,"column":24}},"loc":{"start":{"line":1908,"column":28},"end":{"line":1917,"column":7}},"line":1908}},"branchMap":{"0":{"loc":{"start":{"line":125,"column":24},"end":{"line":125,"column":36}},"type":"default-arg","locations":[{"start":{"line":125,"column":34},"end":{"line":125,"column":36}}],"line":125},"1":{"loc":{"start":{"line":163,"column":4},"end":{"line":189,"column":5}},"type":"if","locations":[{"start":{"line":163,"column":4},"end":{"line":189,"column":5}},{"start":{"line":183,"column":11},"end":{"line":189,"column":5}}],"line":163},"2":{"loc":{"start":{"line":167,"column":6},"end":{"line":182,"column":7}},"type":"if","locations":[{"start":{"line":167,"column":6},"end":{"line":182,"column":7}},{"start":{"line":176,"column":13},"end":{"line":182,"column":7}}],"line":167},"3":{"loc":{"start":{"line":176,"column":13},"end":{"line":182,"column":7}},"type":"if","locations":[{"start":{"line":176,"column":13},"end":{"line":182,"column":7}},{"start":{"line":179,"column":13},"end":{"line":182,"column":7}}],"line":176},"4":{"loc":{"start":{"line":183,"column":11},"end":{"line":189,"column":5}},"type":"if","locations":[{"start":{"line":183,"column":11},"end":{"line":189,"column":5}},{"start":{"line":186,"column":11},"end":{"line":189,"column":5}}],"line":183},"5":{"loc":{"start":{"line":192,"column":24},"end":{"line":192,"column":88}},"type":"binary-expr","locations":[{"start":{"line":192,"column":24},"end":{"line":192,"column":48}},{"start":{"line":192,"column":52},"end":{"line":192,"column":88}}],"line":192},"6":{"loc":{"start":{"line":208,"column":32},"end":{"line":208,"column":68}},"type":"binary-expr","locations":[{"start":{"line":208,"column":32},"end":{"line":208,"column":54}},{"start":{"line":208,"column":58},"end":{"line":208,"column":68}}],"line":208},"7":{"loc":{"start":{"line":209,"column":25},"end":{"line":209,"column":89}},"type":"cond-expr","locations":[{"start":{"line":209,"column":50},"end":{"line":209,"column":84}},{"start":{"line":209,"column":87},"end":{"line":209,"column":89}}],"line":209},"8":{"loc":{"start":{"line":214,"column":4},"end":{"line":216,"column":5}},"type":"if","locations":[{"start":{"line":214,"column":4},"end":{"line":216,"column":5}},{"start":{},"end":{}}],"line":214},"9":{"loc":{"start":{"line":214,"column":8},"end":{"line":214,"column":82}},"type":"binary-expr","locations":[{"start":{"line":214,"column":8},"end":{"line":214,"column":42}},{"start":{"line":214,"column":46},"end":{"line":214,"column":82}}],"line":214},"10":{"loc":{"start":{"line":219,"column":4},"end":{"line":225,"column":5}},"type":"if","locations":[{"start":{"line":219,"column":4},"end":{"line":225,"column":5}},{"start":{},"end":{}}],"line":219},"11":{"loc":{"start":{"line":219,"column":8},"end":{"line":219,"column":63}},"type":"binary-expr","locations":[{"start":{"line":219,"column":8},"end":{"line":219,"column":37}},{"start":{"line":219,"column":41},"end":{"line":219,"column":63}}],"line":219},"12":{"loc":{"start":{"line":228,"column":4},"end":{"line":234,"column":5}},"type":"if","locations":[{"start":{"line":228,"column":4},"end":{"line":234,"column":5}},{"start":{"line":231,"column":11},"end":{"line":234,"column":5}}],"line":228},"13":{"loc":{"start":{"line":231,"column":11},"end":{"line":234,"column":5}},"type":"if","locations":[{"start":{"line":231,"column":11},"end":{"line":234,"column":5}},{"start":{},"end":{}}],"line":231},"14":{"loc":{"start":{"line":237,"column":4},"end":{"line":239,"column":5}},"type":"if","locations":[{"start":{"line":237,"column":4},"end":{"line":239,"column":5}},{"start":{},"end":{}}],"line":237},"15":{"loc":{"start":{"line":241,"column":4},"end":{"line":256,"column":5}},"type":"if","locations":[{"start":{"line":241,"column":4},"end":{"line":256,"column":5}},{"start":{},"end":{}}],"line":241},"16":{"loc":{"start":{"line":241,"column":8},"end":{"line":241,"column":79}},"type":"binary-expr","locations":[{"start":{"line":241,"column":8},"end":{"line":241,"column":25}},{"start":{"line":241,"column":29},"end":{"line":241,"column":52}},{"start":{"line":241,"column":56},"end":{"line":241,"column":79}}],"line":241},"17":{"loc":{"start":{"line":242,"column":6},"end":{"line":255,"column":7}},"type":"if","locations":[{"start":{"line":242,"column":6},"end":{"line":255,"column":7}},{"start":{"line":248,"column":13},"end":{"line":255,"column":7}}],"line":242},"18":{"loc":{"start":{"line":244,"column":8},"end":{"line":247,"column":9}},"type":"if","locations":[{"start":{"line":244,"column":8},"end":{"line":247,"column":9}},{"start":{},"end":{}}],"line":244},"19":{"loc":{"start":{"line":248,"column":13},"end":{"line":255,"column":7}},"type":"if","locations":[{"start":{"line":248,"column":13},"end":{"line":255,"column":7}},{"start":{},"end":{}}],"line":248},"20":{"loc":{"start":{"line":250,"column":8},"end":{"line":254,"column":9}},"type":"if","locations":[{"start":{"line":250,"column":8},"end":{"line":254,"column":9}},{"start":{},"end":{}}],"line":250},"21":{"loc":{"start":{"line":269,"column":4},"end":{"line":269,"column":28}},"type":"if","locations":[{"start":{"line":269,"column":4},"end":{"line":269,"column":28}},{"start":{},"end":{}}],"line":269},"22":{"loc":{"start":{"line":272,"column":4},"end":{"line":277,"column":5}},"type":"if","locations":[{"start":{"line":272,"column":4},"end":{"line":277,"column":5}},{"start":{},"end":{}}],"line":272},"23":{"loc":{"start":{"line":272,"column":8},"end":{"line":272,"column":85}},"type":"binary-expr","locations":[{"start":{"line":272,"column":8},"end":{"line":272,"column":39}},{"start":{"line":272,"column":43},"end":{"line":272,"column":85}}],"line":272},"24":{"loc":{"start":{"line":274,"column":6},"end":{"line":276,"column":7}},"type":"if","locations":[{"start":{"line":274,"column":6},"end":{"line":276,"column":7}},{"start":{},"end":{}}],"line":274},"25":{"loc":{"start":{"line":280,"column":4},"end":{"line":314,"column":5}},"type":"if","locations":[{"start":{"line":280,"column":4},"end":{"line":314,"column":5}},{"start":{},"end":{}}],"line":280},"26":{"loc":{"start":{"line":280,"column":8},"end":{"line":280,"column":75}},"type":"binary-expr","locations":[{"start":{"line":280,"column":8},"end":{"line":280,"column":34}},{"start":{"line":280,"column":38},"end":{"line":280,"column":75}}],"line":280},"27":{"loc":{"start":{"line":286,"column":8},"end":{"line":304,"column":9}},"type":"if","locations":[{"start":{"line":286,"column":8},"end":{"line":304,"column":9}},{"start":{"line":301,"column":15},"end":{"line":304,"column":9}}],"line":286},"28":{"loc":{"start":{"line":289,"column":10},"end":{"line":298,"column":11}},"type":"if","locations":[{"start":{"line":289,"column":10},"end":{"line":298,"column":11}},{"start":{},"end":{}}],"line":289},"29":{"loc":{"start":{"line":293,"column":14},"end":{"line":296,"column":15}},"type":"if","locations":[{"start":{"line":293,"column":14},"end":{"line":296,"column":15}},{"start":{},"end":{}}],"line":293},"30":{"loc":{"start":{"line":295,"column":16},"end":{"line":295,"column":46}},"type":"if","locations":[{"start":{"line":295,"column":16},"end":{"line":295,"column":46}},{"start":{},"end":{}}],"line":295},"31":{"loc":{"start":{"line":300,"column"
[...]
"start":{"line":1512,"column":19},"end":{"line":1518,"column":13}}],"line":1500},"195":{"loc":{"start":{"line":1502,"column":14},"end":{"line":1505,"column":15}},"type":"if","locations":[{"start":{"line":1502,"column":14},"end":{"line":1505,"column":15}},{"start":{},"end":{}}],"line":1502},"196":{"loc":{"start":{"line":1502,"column":18},"end":{"line":1502,"column":112}},"type":"binary-expr","locations":[{"start":{"line":1502,"column":18},"end":{"line":1502,"column":48}},{"start":{"line":1502,"column":52},"end":{"line":1502,"column":112}}],"line":1502},"197":{"loc":{"start":{"line":1529,"column":12},"end":{"line":1531,"column":13}},"type":"if","locations":[{"start":{"line":1529,"column":12},"end":{"line":1531,"column":13}},{"start":{},"end":{}}],"line":1529},"198":{"loc":{"start":{"line":1564,"column":12},"end":{"line":1566,"column":13}},"type":"if","locations":[{"start":{"line":1564,"column":12},"end":{"line":1566,"column":13}},{"start":{},"end":{}}],"line":1564},"199":{"loc":{"start":{"line":1579,"column":8},"end":{"line":1583,"column":9}},"type":"if","locations":[{"start":{"line":1579,"column":8},"end":{"line":1583,"column":9}},{"start":{"line":1581,"column":15},"end":{"line":1583,"column":9}}],"line":1579},"200":{"loc":{"start":{"line":1589,"column":8},"end":{"line":1596,"column":9}},"type":"if","locations":[{"start":{"line":1589,"column":8},"end":{"line":1596,"column":9}},{"start":{},"end":{}}],"line":1589},"201":{"loc":{"start":{"line":1590,"column":10},"end":{"line":1595,"column":11}},"type":"if","locations":[{"start":{"line":1590,"column":10},"end":{"line":1595,"column":11}},{"start":{"line":1592,"column":17},"end":{"line":1595,"column":11}}],"line":1590},"202":{"loc":{"start":{"line":1591,"column":38},"end":{"line":1591,"column":104}},"type":"cond-expr","locations":[{"start":{"line":1591,"column":62},"end":{"line":1591,"column":80}},{"start":{"line":1591,"column":83},"end":{"line":1591,"column":104}}],"line":1591},"203":{"loc":{"start":{"line":1594,"column":38},"end":{"line":1594,"column":78}},"type":"cond-expr","locations":[{"start":{"line":1594,"column":62},"end":{"line":1594,"column":67}},{"start":{"line":1594,"column":70},"end":{"line":1594,"column":78}}],"line":1594},"204":{"loc":{"start":{"line":1602,"column":4},"end":{"line":1624,"column":5}},"type":"if","locations":[{"start":{"line":1602,"column":4},"end":{"line":1624,"column":5}},{"start":{},"end":{}}],"line":1602},"205":{"loc":{"start":{"line":1611,"column":8},"end":{"line":1613,"column":9}},"type":"if","locations":[{"start":{"line":1611,"column":8},"end":{"line":1613,"column":9}},{"start":{},"end":{}}],"line":1611},"206":{"loc":{"start":{"line":1620,"column":8},"end":{"line":1622,"column":9}},"type":"if","locations":[{"start":{"line":1620,"column":8},"end":{"line":1622,"column":9}},{"start":{},"end":{}}],"line":1620},"207":{"loc":{"start":{"line":1632,"column":4},"end":{"line":1683,"column":5}},"type":"if","locations":[{"start":{"line":1632,"column":4},"end":{"line":1683,"column":5}},{"start":{},"end":{}}],"line":1632},"208":{"loc":{"start":{"line":1652,"column":8},"end":{"line":1671,"column":9}},"type":"if","locations":[{"start":{"line":1652,"column":8},"end":{"line":1671,"column":9}},{"start":{},"end":{}}],"line":1652},"209":{"loc":{"start":{"line":1654,"column":10},"end":{"line":1670,"column":11}},"type":"if","locations":[{"start":{"line":1654,"column":10},"end":{"line":1670,"column":11}},{"start":{"line":1664,"column":15},"end":{"line":1670,"column":11}}],"line":1654},"210":{"loc":{"start":{"line":1654,"column":14},"end":{"line":1654,"column":74}},"type":"binary-expr","locations":[{"start":{"line":1654,"column":14},"end":{"line":1654,"column":43}},{"start":{"line":1654,"column":47},"end":{"line":1654,"column":74}}],"line":1654},"211":{"loc":{"start":{"line":1655,"column":12},"end":{"line":1661,"column":13}},"type":"if","locations":[{"start":{"line":1655,"column":12},"end":{"line":1661,"column":13}},{"start":{"line":1659,"column":19},"end":{"line":1661,"column":13}}],"line":1655},"212":{"loc":{"start":{"line":1664,"column":15},"end":{"line":1670,"column":11}},"type":"if","locations":[{"start":{"line":1664,"column":15},"end":{"line":1670,"column":11}},{"start":{},"end":{}}],"line":1664},"213":{"loc":{"start":{"line":1665,"column":12},"end":{"line":1669,"column":13}},"type":"if","locations":[{"start":{"line":1665,"column":12},"end":{"line":1669,"column":13}},{"start":{"line":1667,"column":19},"end":{"line":1669,"column":13}}],"line":1665},"214":{"loc":{"start":{"line":1666,"column":40},"end":{"line":1666,"column":110}},"type":"cond-expr","locations":[{"start":{"line":1666,"column":68},"end":{"line":1666,"column":86}},{"start":{"line":1666,"column":89},"end":{"line":1666,"column":110}}],"line":1666},"215":{"loc":{"start":{"line":1695,"column":4},"end":{"line":1703,"column":5}},"type":"if","locations":[{"start":{"line":1695,"column":4},"end":{"line":1703,"column":5}},{"start":{},"end":{}}],"line":1695},"216":{"loc":{"start":{"line":1695,"column":8},"end":{"line":1695,"column":42}},"type":"binary-expr","locations":[{"start":{"line":1695,"column":8},"end":{"line":1695,"column":22}},{"start":{"line":1695,"column":26},"end":{"line":1695,"column":42}}],"line":1695},"217":{"loc":{"start":{"line":1697,"column":6},"end":{"line":1699,"column":7}},"type":"if","locations":[{"start":{"line":1697,"column":6},"end":{"line":1699,"column":7}},{"start":{},"end":{}}],"line":1697},"218":{"loc":{"start":{"line":1716,"column":4},"end":{"line":1727,"column":5}},"type":"if","locations":[{"start":{"line":1716,"column":4},"end":{"line":1727,"column":5}},{"start":{},"end":{}}],"line":1716},"219":{"loc":{"start":{"line":1716,"column":8},"end":{"line":1716,"column":61}},"type":"binary-expr","locations":[{"start":{"line":1716,"column":8},"end":{"line":1716,"column":23}},{"start":{"line":1716,"column":27},"end":{"line":1716,"column":41}},{"start":{"line":1716,"column":45},"end":{"line":1716,"column":61}}],"line":1716},"220":{"loc":{"start":{"line":1720,"column":6},"end":{"line":1722,"column":7}},"type":"if","locations":[{"start":{"line":1720,"column":6},"end":{"line":1722,"column":7}},{"start":{},"end":{}}],"line":1720},"221":{"loc":{"start":{"line":1736,"column":4},"end":{"line":1756,"column":5}},"type":"if","locations":[{"start":{"line":1736,"column":4},"end":{"line":1756,"column":5}},{"start":{"line":1744,"column":11},"end":{"line":1756,"column":5}}],"line":1736},"222":{"loc":{"start":{"line":1744,"column":11},"end":{"line":1756,"column":5}},"type":"if","locations":[{"start":{"line":1744,"column":11},"end":{"line":1756,"column":5}},{"start":{"line":1753,"column":11},"end":{"line":1756,"column":5}}],"line":1744},"223":{"loc":{"start":{"line":1773,"column":4},"end":{"line":1785,"column":5}},"type":"if","locations":[{"start":{"line":1773,"column":4},"end":{"line":1785,"column":5}},{"start":{},"end":{}}],"line":1773},"224":{"loc":{"start":{"line":1773,"column":8},"end":{"line":1773,"column":60}},"type":"binary-expr","locations":[{"start":{"line":1773,"column":8},"end":{"line":1773,"column":22}},{"start":{"line":1773,"column":26},"end":{"line":1773,"column":60}}],"line":1773},"225":{"loc":{"start":{"line":1795,"column":4},"end":{"line":1803,"column":5}},"type":"if","locations":[{"start":{"line":1795,"column":4},"end":{"line":1803,"column":5}},{"start":{"line":1798,"column":11},"end":{"line":1803,"column":5}}],"line":1795},"226":{"loc":{"start":{"line":1796,"column":13},"end":{"line":1797,"column":82}},"type":"cond-expr","locations":[{"start":{"line":1796,"column":47},"end":{"line":1796,"column":51}},{"start":{"line":1797,"column":11},"end":{"line":1797,"column":81}}],"line":1796},"227":{"loc":{"start":{"line":1797,"column":11},"end":{"line":1797,"column":81}},"type":"cond-expr","locations":[{"start":{"line":1797,"column":39},"end":{"line":1797,"column":57}},{"start":{"line":1797,"column":60},"end":{"line":1797,"column":81}}],"line":1797},"228":{"loc":{"start":{"line":1801,"column":13},"end":{"line":1802,"column":58}},"type":"cond-expr","locations":[{"start":{"line":1801,"column":34},"end":{"line":1801,"column":38}},{"start":{"line":1802,"column":11},"end":{"line":1802,"column":57}}],"line":1801},"229":{"loc":{"start":{"line":1802,"column":11},"end":{"line":1802,"column":57}},"type":"cond-expr","locations":[{"start":{"line":1802,"column":41},"end":{"line":1802,"column":46}},{"start":{"line":1802,"column":49},"end":{"line":1802,"column":57}}],"line":1802},"230":{"loc":{"start":{"line":1865,"column":27},"end":{"line":1865,"column":55}},"type":"cond-expr","locations":[{"start":{"line":1865,"column":34},"end":{"line":1865,"column":48}},{"start":{"line":1865,"column":51},"end":{"line":1865,"column":55}}],"line":1865},"231":{"loc":{"start":{"line":1876,"column":27},"end":{"line":1876,"column":55}},"type":"cond-expr","locations":[{"start":{"line":1876,"column":34},"end":{"line":1876,"column":48}},{"start":{"line":1876,"column":51},"end":{"line":1876,"column":55}}],"line":1876},"232":{"loc":{"start":{"line":1887,"column":4},"end":{"line":1890,"column":5}},"type":"if","locations":[{"start":{"line":1887,"column":4},"end":{"line":1890,"column":5}},{"start":{},"end":{}}],"line":1887},"233":{"loc":{"start":{"line":1893,"column":4},"end":{"line":1895,"column":5}},"type":"if","locations":[{"start":{"line":1893,"column":4},"end":{"line":1895,"column":5}},{"start":{},"end":{}}],"line":1893},"234":{"loc":{"start":{"line":1893,"column":8},"end":{"line":1893,"column":65}},"type":"binary-expr","locations":[{"start":{"line":1893,"column":8},"end":{"line":1893,"column":29}},{"start":{"line":1893,"column":33},"end":{"line":1893,"column":65}}],"line":1893},"235":{"loc":{"start":{"line":1907,"column":4},"end":{"line":1927,"column":5}},"type":"if","locations":[{"start":{"line":1907,"column":4},"end":{"line":1927,"column":5}},{"start":{"line":1918,"column":11},"end":{"line":1927,"column":5}}],"line":1907},"236":{"loc":{"start":{"line":1912,"column":8},"end":{"line":1916,"column":9}},"type":"if","locations":[{"start":{"line":1912,"column":8},"end":{"line":1916,"column":9}},{"start":{"line":1914,"column":15},"end":{"line":1916,"column":9}}],"line":1912},"237":{"loc":{"start":{"line":1922,"column":6},"end":{"line":1926,"column":7}},"type":"if","locations":[{"start":{"line":1922,"column":6},"end":{"line":1926,"column":7}},{"start":{"line":1924,"column":13},"end":{"line":1926,"column":7}}],"line":1922}},"s":{"0":0,"1":0,"2":0,"3":0,"4":0,"5":0,"6":0,"7":0,"8":0,"9":0,"10":0,"11":0,"12":0,"13":0,"14":0,"15":0,"16":0,"17":0,"18":0,"19":0,"20":0,"21":0,"22":0,"23":0,"24":0,"25":0,"26":0,"27":0,"28":0,"29":0,"30":0,"31":0,"32":0,"33":0,"34":0,"35":0,"36":0,"37":0,"38":0,"39":0,"40":0,"41":0,"42":0,"43":0,"44":0,"45":0,"46":0,"47":0,"48":0,"49":0,"50":0,"51":0,"52":0,"53":0,"54":0,"55":0,"56":0,"57":0,"58":0,"59":0,"60":0,"61":0,"62":0,"63":0,"64":0,"65":0,"66":0,"67":0,"68":0,"69":0,"70":0,"71":0,"72":0,"73":0,"74":0,"75":0,"76":0,"77":0,"78":0,"79":0,"80":0,"81":0,"82":0,"83":0,"84":0,"85":0,"86":0,"87":0,"88":0,"89":0,"90":0,"91":0,"92":0,"93":0,"94":0,"95":0,"96":0,"97":0,"98":0,"99":0,"100":0,"101":0,"102":0,"103":0,"104":0,"105":0,"106":0,"107":0,"108":0,"109":0,"110":0,"111":0,"112":0,"113":0,"114":0,"115":0,"116":0,"117":0,"118":0,"119":0,"120":0,"121":0,"122":0,"123":0,"124":0,"125":0,"126":0,"127":0,"128":0,"129":0,"130":0,"131":0,"132":0,"133":0,"134":0,"135":0,"136":0,"137":0,"138":0,"139":0,"140":0,"141":0,"142":0,"143":0,"144":0,"145":0,"146":0,"147":0,"148":0,"149":0,"150":0,"151":0,"152":0,"153":0,"154":0,"155":0,"156":0,"157":0,"158":0,"159":0,"160":0,"161":0,"162":0,"163":0,"164":0,"165":0,"166":0,"167":0,"168":0,"169":0,"170":0,"171":0,"172":0,"173":0,"174":0,"175":0,"176":0,"177":0,"178":0,"179":0,"180":0,"181":0,"182":0,"183":0,"184":0,"185":0,"186":0,"187":0,"188":0,"189":0,"190":0,"191":0,"192":0,"193":0,"194":0,"195":0,"196":0,"197":0,"198":0,"199":0,"200":0,"201":0,"202":0,"203":0,"204":0,"205":0,"206":0,"207":0,"208":0,"209":0,"210":0,"211":0,"212":0,"213":0,"214":0,"215":0,"216":0,"217":0,"218":0,"219":0,"220":0,"221":0,"222":0,"223":0,"224":0,"225":0,"226":0,"227":0,"228":0,"229":0,"230":0,"231":0,"232":0,"233":0,"234":0,"235":0,"236":0,"237":0,"238":0,"239":0,"240":0,"241":0,"242":0,"243":0,"244":0,"245":0,"246":0,"247":0,"248":0,"249":0,"250":0,"251":0,"252":0,"253":0,"254":0,"255":0,"256":0,"257":0,"258":0,"259":0,"260":0,"261":0,"262":0,"263":0,"264":0,"265":0,"266":0,"267":0,"268":0,"269":0,"270":0,"271":0,"272":0,"273":0,"274":0,"275":0,"276":0,"277":0,"278":0,"279":0,"280":0,"281":0,"282":0,"283":0,"284":0,"285":0,"286":0,"287":0,"288":0,"289":0,"290":0,"291":0,"292":0,"293":0,"294":0,"295":0,"296":0,"297":0,"298":0,"299":0,"300":0,"301":0,"302":0,"303":0,"304":0,"305":0,"306":0,"307":0,"308":0,"309":0,"310":0,"311":0,"312":0,"313":0,"314":0,"315":0,"316":0,"317":0,"318":0,"319":0,"320":0,"321":0,"322":0,"323":0,"324":0,"325":0,"326":0,"327":0,"328":0,"329":0,"330":0,"331":0,"332":0,"333":0,"334":0,"335":0,"336":0,"337":0,"338":0,"339":0,"340":0,"341":0,"342":0,"343":0,"344":0,"345":0,"346":0,"347":0,"348":0,"349":0,"350":0,"351":0,"352":0,"353":0,"354":0,"355":0,"356":0,"357":0,"358":0,"359":0,"360":0,"361":0,"362":0,"363":0,"364":0,"365":0,"366":0,"367":0,"368":0,"369":0,"370":0,"371":0,"372":0,"373":0,"374":0,"375":0,"376":0,"377":0,"378":0,"379":0,"380":0,"381":0,"382":0,"383":0,"384":0,"385":0,"386":0,"387":0,"388":0,"389":0,"390":0,"391":0,"392":0,"393":0,"394":0,"395":0,"396":0,"397":0,"398":0,"399":0,"400":0,"401":0,"402":0,"403":0,"404":0,"405":0,"406":0,"407":0,"408":0,"409":0,"410":0,"411":0,"412":0,"413":0,"414":0,"415":0,"416":0,"417":0,"418":0,"419":0,"420":0,"421":0,"422":0,"423":0,"424":0,"425":0,"426":0,"427":0,"428":0,"429":0,"430":0,"431":0,"432":0,"433":0,"434":0,"435":0,"436":0,"437":0,"438":0,"439":0,"440":0,"441":0,"442":0,"443":0,"444":0,"445":0,"446":0,"447":0,"448":0,"449":0,"450":0,"451":0,"452":0,"453":0,"454":0,"455":0,"456":0,"457":0,"458":0,"459":0,"460":0,"461":0,"462":0,"463":0,"464":0,"465":0,"466":0,"467":0,"468":0,"469":0,"470":0,"471":0,"472":0,"473":0,"474":0,"475":0,"476":0,"477":0,"478":0,"479":0,"480":0,"481":0,"482":0,"483":0,"484":0,"485":0,"486":0,"487":0,"488":0,"489":0,"490":0,"491":0,"492":0,"493":0,"494":0,"495":0,"496":0,"497":0,"498":0,"499":0,"500":0,"501":0,"502":0,"503":0,"504":0,"505":0,"506":0,"507":0,"508":0,"509":0,"510":0,"511":0,"512":0,"513":0,"514":0,"515":0,"516":0,"517":0,"518":0,"519":0,"520":0,"521":0,"522":0,"523":0,"524":0,"525":0,"526":0,"527":0,"528":0,"529":0,"530":0,"531":0,"532":0,"533":0,"534":0,"535":0,"536":0,"537":0,"538":0,"539":0,"540":0,"541":0,"542":0,"543":0,"544":0,"545":0,"546":0,"547":0,"548":0,"549":0,"550":0,"551":0,"552":0,"553":0,"554":0,"555":0,"556":0,"557":0,"558":0,"559":0,"560":0,"561":0,"562":0,"563":0,"564":0,"565":0,"566":0,"567":0,"568":0,"569":0,"570":0,"571":0,"572":0,"573":0,"574":0,"575":0,"576":0,"577":0,"578":0,"579":0,"580":0,"581":0,"582":0,"583":0,"584":0,"585":0,"586":0,"587":0,"588":0,"589":0,"590":0,"591":0,"592":0,"593":0,"594":0,"595":0,"596":0,"597":0,"598":0,"599":0,"600":0,"601":0,"602":0,"603":0,"604":0,"605":0,"606":0,"607":0,"608":0,"609":0,"610":0,"611":0,"612":0,"613":0,"614":0,"615":0,"616":0,"617":0,"618":0,"619":0,"620":0,"621":0,"622":0,"623":0,"624":0,"625":0,"626":0,"627":0,"628":0,"629":0,"630":0,"631":0,"632":0,"633":0,"634":0,"635":0,"636":0,"637":0,"638":0,"639":0,"640":0,"641":0,"642":0,"643":0,"644":0,"645":0,"646":0,"647":0,"648":0,"649":0,"650":0,"651":0,"652":0,"653":0,"654":0,"655":0,"656":0,"657":0,"658":0,"659":0,"660":0,"661":0,"662":0,"663":0,"664":0,"665":0,"666":0,"667":0,"668":0,"669":0,"670":0,"671":0,"672":0,"673":0,"674":0,"675":0,"676":0,"677":0,"678":0,"679":0,"680":0,"681":0,"682":0,"683":0,"684":0,"685":0,"686":0,"687":0,"688":0,"689":0,"690":0,"691":0,"692":0,"693":0,"694":0,"695":0,"696":0,"697":0,"698":0,"699":0,"700":0,"701":0,"702":0,"703":0,"704":0,"705":0,"706":0,"707":0,"708":0,"709":0,"710":0,"711":0,"712":0,"713":0,"714":0,"715":0,"716":0,"717":0,"718":0,"719":0,"720":0,"721":0,"722":0,"723":0,"724":0,"725":0,"726":0,"727":0,"728":0,"729":0,"730":0,"731":0,"732":0,"733":0,"734":0,"735":0,"736":0,"737":0,"738":0,"739":0,"740":0,"741":0,"742":0,"743":0,"744":0,"745":0,"746":0,"747":0,"748":0,"749":0,"750":0,"751":0,"752":0,"753":0,"754":0,"755":0,"756":0,"757":0,"758":0,"759":0,"760":0,"761":0,"762":0,"763":0,"764":0,"765":0,"766":0,"767":1},"f":{"0":0,"1":0,"2":0,"3":0,"4":0,"5":0,"6":0,"7":0,"8":0,"9":0,"10":0,"11":0,"12":0,"13":0,"14":0,"15":0,"16":0,"17":0,"18":0,"19":0,"20":0,"21":0,"22":0,"23":0,"24":0,"25":0,"26":0,"27":0,"28":0,"29":0,"30":0,"31":0,"32":0,"33":0,"34":0,"35":0,"36":0,"37":0,"38":0,"39":0,"40":0,"41":0,"42":0,"43":0,"44":0,"45":0,"46":0,"47":0,"48":0,"49":0,"50":0,"51":0,"52":0,"53":0,"54":0,"55":0,"56":0,"57":0,"58":0,"59":0,"60":0,"61":0,"62":0,"63":0,"64":0,"65":0,"66":0,"67":0,"68":0,"69":0,"70":0,"71":0,"72":0,"73":0,"74":0,"75":0,"76":0,"77":0,"78":0,"79":0,"80":0,"81":0,"82":0,"83":0,"84":0,"85":0,"86":0,"87":0,"88":0,"89":0,"90":0,"91":0},"b":{"0":[0],"1":[0,0],"2":[0,0],"3":[0,0],"4":[0,0],"5":[0,0],"6":[0,0],"7":[0,0],"8":[0,0],"9":[0,0],"10":[0,0],"11":[0,0],"12":[0,0],"13":[0,0],"14":[0,0],"15":[0,0],"16":[0,0,0],"17":[0,0],"18":[0,0],"19":[0,0],"20":[0,0],"21":[0,0],"22":[0,0],"23":[0,0],"24":[0,0],"25":[0,0],"26":[0,0],"27":[0,0],"28":[0,0],"29":[0,0],"30":[0,0],"31":[0,0],"32":[0,0],"33":[0,0],"34":[0,0],"35":[0,0],"36":[0,0],"37":[0,0],"38":[0,0],"39":[0,0],"40":[0,0],"41":[0,0],"42":[0,0],"43":[0,0],"44":[0,0],"45":[0,0],"46":[0,0],"47":[0,0],"48":[0,0],"49":[0,0],"50":[0,0],"51":[0,0],"52":[0,0],"53":[0,0],"54":[0,0],"55":[0,0,0,0,0],"56":[0,0],"57":[0,0,0],"58":[0,0,0],"59":[0,0],"60":[0,0],"61":[0,0],"62":[0,0],"63":[0,0],"64":[0,0],"65":[0,0],"66":[0,0],"67":[0,0],"68":[0,0],"69":[0,0],"70":[0,0,0],"71":[0,0],"72":[0,0,0],"73":[0,0],"74":[0,0],"75":[0,0],"76":[0,0],"77":[0,0],"78":[0,0],"79":[0,0],"80":[0,0],"81":[0,0],"82":[0,0],"83":[0,0],"84":[0,0],"85":[0,0],"86":[0,0],"87":[0,0],"88":[0,0],"89":[0,0],"90":[0,0,0,0],"91":[0,0],"92":[0,0],"93":[0,0],"94":[0,0],"95":[0,0],"96":[0,0],"97":[0,0],"98":[0,0],"99":[0,0],"100":[0,0],"101":[0,0],"102":[0,0],"103":[0,0],"104":[0,0],"105":[0,0],"106":[0,0],"107":[0,0],"108":[0,0],"109":[0,0],"110":[0,0],"111":[0,0],"112":[0,0],"113":[0,0],"114":[0,0],"115":[0,0,0],"116":[0,0],"117":[0,0],"118":[0,0],"119":[0,0],"120":[0,0,0],"121":[0,0],"122":[0,0],"123":[0,0,0],"124":[0,0],"125":[0,0],"126":[0,0],"127":[0,0],"128":[0,0],"129":[0,0],"130":[0,0],"131":[0,0],"132":[0,0],"133":[0,0],"134":[0,0],"135":[0,0],"136":[0,0],"137":[0,0],"138":[0,0],"139":[0,0],"140":[0,0],"141":[0,0],"142":[0,0],"143":[0,0,0],"144":[0,0],"145":[0,0],"146":[0,0],"147":[0,0],"148":[0,0],"149":[0,0],"150":[0,0],"151":[0,0],"152":[0,0],"153":[0,0],"154":[0,0],"155":[0,0],"156":[0,0],"157":[0,0],"158":[0,0],"159":[0,0],"160":[0,0],"161":[0,0],"162":[0,0],"163":[0,0],"164":[0,0],"165":[0,0],"166":[0,0],"167":[0,0],"168":[0,0,0,0,0,0],"169":[0,0],"170":[0,0],"171":[0,0,0],"172":[0,0],"173":[0,0],"174":[0,0],"175":[0,0],"176":[0,0],"177":[0,0],"178":[0,0],"179":[0,0,0,0],"180":[0,0],"181":[0,0],"182":[0,0],"183":[0,0,0,0],"184":[0,0],"185":[0,0],"186":[0,0],"187":[0,0,0],"188":[0,0],"189":[0,0],"190":[0,0],"191":[0,0],"192":[0,0],"193":[0,0],"194":[0,0],"195":[0,0],"196":[0,0],"197":[0,0],"198":[0,0],"199":[0,0],"200":[0,0],"201":[0,0],"202":[0,0],"203":[0,0],"204":[0,0],"205":[0,0],"206":[0,0],"207":[0,0],"208":[0,0],"209":[0,0],"210":[0,0],"211":[0,0],"212":[0,0],"213":[0,0],"214":[0,0],"215":[0,0],"216":[0,0],"217":[0,0],"218":[0,0],"219":[0,0,0],"220":[0,0],"221":[0,0],"222":[0,0],"223":[0,0],"224":[0,0],"225":[0,0],"226":[0,0],"227":[0,0],"228":[0,0],"229":[0,0],"230":[0,0],"231":[0,0],"232":[0,0],"233":[0,0],"234":[0,0],"235":[0,0],"236":[0,0],"237":[0,0]},"_coverageSchema":"1a1c01bbd47fc00a2c39e90264f33305004495a9","hash":"a09a8f3156f0976f758b211a281ad6a71edd272f"}
}
