TN:
SF:src/assets/js/datepicker-tabs.js
FN:125,(anonymous_0)
FN:168,(anonymous_1)
FN:252,(anonymous_2)
FN:268,(anonymous_3)
FN:282,(anonymous_4)
FN:322,(anonymous_5)
FN:446,(anonymous_6)
FN:453,(anonymous_7)
FN:462,(anonymous_8)
FN:466,(anonymous_9)
FN:470,(anonymous_10)
FN:476,(anonymous_11)
FN:480,(anonymous_12)
FN:484,(anonymous_13)
FN:504,(anonymous_14)
FN:534,(anonymous_15)
FN:541,(anonymous_16)
FN:557,(anonymous_17)
FN:612,(anonymous_18)
FN:676,(anonymous_19)
FN:689,(anonymous_20)
FN:701,(anonymous_21)
FN:708,(anonymous_22)
FN:729,(anonymous_23)
FN:736,(anonymous_24)
FN:750,(anonymous_25)
FN:767,(anonymous_26)
FN:779,(anonymous_27)
FN:825,(anonymous_28)
FN:830,(anonymous_29)
FN:847,(anonymous_30)
FN:868,(anonymous_31)
FN:877,(anonymous_32)
FN:892,(anonymous_33)
FN:902,(anonymous_34)
FN:924,(anonymous_35)
FN:951,(anonymous_36)
FN:1033,(anonymous_37)
FN:1177,(anonymous_38)
FN:1224,(anonymous_39)
FN:1242,(anonymous_40)
FN:1246,(anonymous_41)
FN:1261,(anonymous_42)
FN:1265,(anonymous_43)
FN:1296,(anonymous_44)
FN:1297,(anonymous_45)
FN:1305,(anonymous_46)
FN:1306,(anonymous_47)
FN:1312,(anonymous_48)
FN:1320,(anonymous_49)
FN:1324,(anonymous_50)
FN:1325,(anonymous_51)
FN:1345,(anonymous_52)
FN:1357,(anonymous_53)
FN:1380,(anonymous_54)
FN:1406,(anonymous_55)
FN:1407,(anonymous_56)
FN:1416,(anonymous_57)
FN:1432,(anonymous_58)
FN:1435,(anonymous_59)
FN:1451,(anonymous_60)
FN:1488,(anonymous_61)
FN:1489,(anonymous_62)
FN:1496,(anonymous_63)
FN:1511,(anonymous_64)
FN:1517,(anonymous_65)
FN:1574,(anonymous_66)
FN:1575,(anonymous_67)
FN:1593,(anonymous_68)
FN:1603,(anonymous_69)
FN:1639,(anonymous_70)
FN:1656,(anonymous_71)
FN:1694,(anonymous_72)
FN:1707,(anonymous_73)
FN:1715,(anonymous_74)
FN:1735,(anonymous_75)
FN:1737,(anonymous_76)
FN:1740,(anonymous_77)
FN:1769,(anonymous_78)
FN:1778,(anonymous_79)
FN:1794,(anonymous_80)
FN:1800,(anonymous_81)
FN:1810,(anonymous_82)
FN:1821,(anonymous_83)
FN:1832,(anonymous_84)
FN:1844,(anonymous_85)
FN:1854,(anonymous_86)
FN:1864,(anonymous_87)
FN:1875,(anonymous_88)
FN:1885,(anonymous_89)
FN:1905,(anonymous_90)
FN:1908,(anonymous_91)
FNF:92
FNH:0
FNDA:0,(anonymous_0)
FNDA:0,(anonymous_1)
FNDA:0,(anonymous_2)
FNDA:0,(anonymous_3)
FNDA:0,(anonymous_4)
FNDA:0,(anonymous_5)
FNDA:0,(anonymous_6)
FNDA:0,(anonymous_7)
FNDA:0,(anonymous_8)
FNDA:0,(anonymous_9)
FNDA:0,(anonymous_10)
FNDA:0,(anonymous_11)
FNDA:0,(anonymous_12)
FNDA:0,(anonymous_13)
FNDA:0,(anonymous_14)
FNDA:0,(anonymous_15)
FNDA:0,(anonymous_16)
FNDA:0,(anonymous_17)
FNDA:0,(anonymous_18)
FNDA:0,(anonymous_19)
FNDA:0,(anonymous_20)
FNDA:0,(anonymous_21)
FNDA:0,(anonymous_22)
FNDA:0,(anonymous_23)
FNDA:0,(anonymous_24)
FNDA:0,(anonymous_25)
FNDA:0,(anonymous_26)
FNDA:0,(anonymous_27)
FNDA:0,(anonymous_28)
FNDA:0,(anonymous_29)
FNDA:0,(anonymous_30)
FNDA:0,(anonymous_31)
FNDA:0,(anonymous_32)
FNDA:0,(anonymous_33)
FNDA:0,(anonymous_34)
FNDA:0,(anonymous_35)
FNDA:0,(anonymous_36)
FNDA:0,(anonymous_37)
FNDA:0,(anonymous_38)
FNDA:0,(anonymous_39)
FNDA:0,(anonymous_40)
FNDA:0,(anonymous_41)
FNDA:0,(anonymous_42)
FNDA:0,(anonymous_43)
FNDA:0,(anonymous_44)
FNDA:0,(anonymous_45)
FNDA:0,(anonymous_46)
FNDA:0,(anonymous_47)
FNDA:0,(anonymous_48)
FNDA:0,(anonymous_49)
FNDA:0,(anonymous_50)
FNDA:0,(anonymous_51)
FNDA:0,(anonymous_52)
FNDA:0,(anonymous_53)
FNDA:0,(anonymous_54)
FNDA:0,(anonymous_55)
FNDA:0,(anonymous_56)
FNDA:0,(anonymous_57)
FNDA:0,(anonymous_58)
FNDA:0,(anonymous_59)
FNDA:0,(anonymous_60)
FNDA:0,(anonymous_61)
FNDA:0,(anonymous_62)
FNDA:0,(anonymous_63)
FNDA:0,(anonymous_64)
FNDA:0,(anonymous_65)
FNDA:0,(anonymous_66)
FNDA:0,(anonymous_67)
FNDA:0,(anonymous_68)
FNDA:0,(anonymous_69)
FNDA:0,(anonymous_70)
FNDA:0,(anonymous_71)
FNDA:0,(anonymous_72)
FNDA:0,(anonymous_73)
FNDA:0,(anonymous_74)
FNDA:0,(anonymous_75)
FNDA:0,(anonymous_76)
FNDA:0,(anonymous_77)
FNDA:0,(anonymous_78)
FNDA:0,(anonymous_79)
FNDA:0,(anonymous_80)
FNDA:0,(anonymous_81)
FNDA:0,(anonymous_82)
FNDA:0,(anonymous_83)
FNDA:0,(anonymous_84)
FNDA:0,(anonymous_85)
FNDA:0,(anonymous_86)
FNDA:0,(anonymous_87)
FNDA:0,(anonymous_88)
FNDA:0,(anonymous_89)
FNDA:0,(anonymous_90)
FNDA:0,(anonymous_91)
DA:127,0
DA:157,0
DA:160,0
DA:163,0
DA:164,0
DA:167,0
DA:168,0
DA:169,0
DA:171,0
DA:172,0
DA:175,0
DA:176,0
DA:178,0
DA:180,0
DA:181,0
DA:183,0
DA:185,0
DA:187,0
DA:188,0
DA:192,0
DA:193,0
DA:196,0
DA:197,0
DA:198,0
DA:199,0
DA:202,0
DA:205,0
DA:208,0
DA:209,0
DA:210,0
DA:211,0
DA:214,0
DA:215,0
DA:219,0
DA:220,0
DA:221,0
DA:228,0
DA:229,0
DA:230,0
DA:231,0
DA:232,0
DA:233,0
DA:237,0
DA:238,0
DA:241,0
DA:242,0
DA:243,0
DA:244,0
DA:245,0
DA:246,0
DA:248,0
DA:249,0
DA:250,0
DA:251,0
DA:252,0
DA:253,0
DA:259,0
DA:269,0
DA:272,0
DA:273,0
DA:274,0
DA:275,0
DA:280,0
DA:282,0
DA:286,0
DA:287,0
DA:289,0
DA:291,0
DA:292,0
DA:293,0
DA:294,0
DA:295,0
DA:300,0
DA:303,0
DA:307,0
DA:309,0
DA:310,0
DA:312,0
DA:316,0
DA:323,0
DA:326,0
DA:330,0
DA:331,0
DA:334,0
DA:335,0
DA:338,0
DA:339,0
DA:340,0
DA:341,0
DA:345,0
DA:347,0
DA:351,0
DA:352,0
DA:355,0
DA:356,0
DA:360,0
DA:361,0
DA:362,0
DA:364,0
DA:365,0
DA:366,0
DA:369,0
DA:370,0
DA:371,0
DA:373,0
DA:374,0
DA:375,0
DA:377,0
DA:378,0
DA:379,0
DA:381,0
DA:382,0
DA:383,0
DA:386,0
DA:387,0
DA:389,0
DA:390,0
DA:392,0
DA:395,0
DA:396,0
DA:397,0
DA:400,0
DA:401,0
DA:402,0
DA:403,0
DA:407,0
DA:409,0
DA:410,0
DA:411,0
DA:414,0
DA:415,0
DA:416,0
DA:417,0
DA:421,0
DA:426,0
DA:427,0
DA:431,0
DA:434,0
DA:435,0
DA:438,0
DA:447,0
DA:454,0
DA:457,0
DA:462,0
DA:465,0
DA:467,0
DA:468,0
DA:470,0
DA:477,0
DA:480,0
DA:483,0
DA:486,0
DA:487,0
DA:488,0
DA:496,0
DA:497,0
DA:499,0
DA:500,0
DA:501,0
DA:504,0
DA:505,0
DA:508,0
DA:509,0
DA:517,0
DA:518,0
DA:520,0
DA:521,0
DA:522,0
DA:524,0
DA:525,0
DA:532,0
DA:534,0
DA:543,0
DA:546,0
DA:558,0
DA:563,0
DA:564,0
DA:565,0
DA:567,0
DA:569,0
DA:570,0
DA:573,0
DA:579,0
DA:580,0
DA:581,0
DA:584,0
DA:587,0
DA:588,0
DA:591,0
DA:592,0
DA:595,0
DA:597,0
DA:600,0
DA:602,0
DA:604,0
DA:613,0
DA:615,0
DA:616,0
DA:619,0
DA:620,0
DA:621,0
DA:622,0
DA:623,0
DA:626,0
DA:627,0
DA:630,0
DA:631,0
DA:634,0
DA:637,0
DA:638,0
DA:642,0
DA:643,0
DA:648,0
DA:650,0
DA:653,0
DA:654,0
DA:658,0
DA:661,0
DA:662,0
DA:667,0
DA:668,0
DA:669,0
DA:670,0
DA:677,0
DA:678,0
DA:681,0
DA:682,0
DA:686,0
DA:689,0
DA:690,0
DA:693,0
DA:703,0
DA:705,0
DA:708,0
DA:709,0
DA:710,0
DA:711,0
DA:713,0
DA:718,0
DA:721,0
DA:722,0
DA:730,0
DA:732,0
DA:733,0
DA:734,0
DA:735,0
DA:736,0
DA:737,0
DA:739,0
DA:741,0
DA:747,0
DA:748,0
DA:749,0
DA:750,0
DA:751,0
DA:753,0
DA:755,0
DA:756,0
DA:768,0
DA:773,0
DA:774,0
DA:775,0
DA:777,0
DA:778,0
DA:779,0
DA:783,0
DA:784,0
DA:786,0
DA:787,0
DA:788,0
DA:789,0
DA:791,0
DA:792,0
DA:819,0
DA:820,0
DA:821,0
DA:822,0
DA:825,0
DA:826,0
DA:830,0
DA:831,0
DA:832,0
DA:836,0
DA:839,0
DA:840,0
DA:848,0
DA:851,0
DA:852,0
DA:853,0
DA:854,0
DA:857,0
DA:858,0
DA:862,0
DA:863,0
DA:869,0
DA:871,0
DA:872,0
DA:873,0
DA:878,0
DA:879,0
DA:880,0
DA:882,0
DA:883,0
DA:884,0
DA:885,0
DA:888,0
DA:893,0
DA:894,0
DA:895,0
DA:903,0
DA:904,0
DA:907,0
DA:908,0
DA:909,0
DA:913,0
DA:914,0
DA:915,0
DA:918,0
DA:926,0
DA:927,0
DA:928,0
DA:929,0
DA:931,0
DA:932,0
DA:937,0
DA:938,0
DA:939,0
DA:940,0
DA:942,0
DA:943,0
DA:947,0
DA:953,0
DA:955,0
DA:957,0
DA:958,0
DA:961,0
DA:968,0
DA:969,0
DA:978,0
DA:979,0
DA:981,0
DA:982,0
DA:984,0
DA:987,0
DA:990,0
DA:997,0
DA:1000,0
DA:1001,0
DA:1002,0
DA:1006,0
DA:1007,0
DA:1008,0
DA:1009,0
DA:1011,0
DA:1012,0
DA:1013,0
DA:1014,0
DA:1016,0
DA:1017,0
DA:1023,0
DA:1024,0
DA:1025,0
DA:1034,0
DA:1035,0
DA:1038,0
DA:1041,0
DA:1042,0
DA:1044,0
DA:1048,0
DA:1051,0
DA:1054,0
DA:1063,0
DA:1064,0
DA:1067,0
DA:1068,0
DA:1072,0
DA:1073,0
DA:1077,0
DA:1080,0
DA:1081,0
DA:1082,0
DA:1084,0
DA:1085,0
DA:1086,0
DA:1090,0
DA:1091,0
DA:1094,0
DA:1095,0
DA:1097,0
DA:1101,0
DA:1102,0
DA:1105,0
DA:1106,0
DA:1107,0
DA:1110,0
DA:1114,0
DA:1115,0
DA:1119,0
DA:1120,0
DA:1121,0
DA:1122,0
DA:1126,0
DA:1127,0
DA:1128,0
DA:1129,0
DA:1134,0
DA:1135,0
DA:1136,0
DA:1138,0
DA:1140,0
DA:1143,0
DA:1152,0
DA:1154,0
DA:1158,0
DA:1159,0
DA:1160,0
DA:1163,0
DA:1166,0
DA:1169,0
DA:1170,0
DA:1173,0
DA:1179,0
DA:1180,0
DA:1181,0
DA:1182,0
DA:1185,0
DA:1188,0
DA:1190,0
DA:1192,0
DA:1194,0
DA:1196,0
DA:1198,0
DA:1205,0
DA:1207,0
DA:1210,0
DA:1213,0
DA:1216,0
DA:1217,0
DA:1220,0
DA:1226,0
DA:1228,0
DA:1229,0
DA:1231,0
DA:1232,0
DA:1235,0
DA:1236,0
DA:1238,0
DA:1243,0
DA:1244,0
DA:1246,0
DA:1247,0
DA:1248,0
DA:1256,0
DA:1257,0
DA:1262,0
DA:1263,0
DA:1265,0
DA:1267,0
DA:1269,0
DA:1273,0
DA:1274,0
DA:1275,0
DA:1278,0
DA:1281,0
DA:1282,0
DA:1291,0
DA:1292,0
DA:1297,0
DA:1298,0
DA:1306,0
DA:1307,0
DA:1313,0
DA:1322,0
DA:1323,0
DA:1324,0
DA:1325,0
DA:1326,0
DA:1327,0
DA:1328,0
DA:1329,0
DA:1330,0
DA:1331,0
DA:1334,0
DA:1337,0
DA:1343,0
DA:1344,0
DA:1345,0
DA:1346,0
DA:1347,0
DA:1348,0
DA:1353,0
DA:1354,0
DA:1356,0
DA:1357,0
DA:1358,0
DA:1361,0
DA:1362,0
DA:1363,0
DA:1364,0
DA:1367,0
DA:1369,0
DA:1373,0
DA:1374,0
DA:1375,0
DA:1379,0
DA:1380,0
DA:1381,0
DA:1384,0
DA:1385,0
DA:1386,0
DA:1387,0
DA:1390,0
DA:1392,0
DA:1396,0
DA:1397,0
DA:1398,0
DA:1403,0
DA:1405,0
DA:1406,0
DA:1407,0
DA:1408,0
DA:1409,0
DA:1410,0
DA:1411,0
DA:1412,0
DA:1414,0
DA:1416,0
DA:1417,0
DA:1422,0
DA:1424,0
DA:1427,0
DA:1432,0
DA:1435,0
DA:1436,0
DA:1437,0
DA:1438,0
DA:1439,0
DA:1443,0
DA:1444,0
DA:1447,0
DA:1451,0
DA:1453,0
DA:1456,0
DA:1463,0
DA:1466,0
DA:1469,0
DA:1472,0
DA:1473,0
DA:1486,0
DA:1487,0
DA:1488,0
DA:1489,0
DA:1490,0
DA:1491,0
DA:1492,0
DA:1494,0
DA:1496,0
DA:1497,0
DA:1500,0
DA:1502,0
DA:1504,0
DA:1508,0
DA:1511,0
DA:1514,0
DA:1517,0
DA:1522,0
DA:1523,0
DA:1526,0
DA:1529,0
DA:1530,0
DA:1534,0
DA:1537,0
DA:1540,0
DA:1543,0
DA:1544,0
DA:1548,0
DA:1555,0
DA:1558,0
DA:1561,0
DA:1564,0
DA:1565,0
DA:1573,0
DA:1574,0
DA:1575,0
DA:1576,0
DA:1577,0
DA:1579,0
DA:1580,0
DA:1582,0
DA:1585,0
DA:1586,0
DA:1589,0
DA:1590,0
DA:1591,0
DA:1593,0
DA:1594,0
DA:1601,0
DA:1602,0
DA:1603,0
DA:1604,0
DA:1605,0
DA:1606,0
DA:1607,0
DA:1608,0
DA:1611,0
DA:1612,0
DA:1616,0
DA:1617,0
DA:1620,0
DA:1621,0
DA:1631,0
DA:1632,0
DA:1635,0
DA:1636,0
DA:1639,0
DA:1640,0
DA:1646,0
DA:1649,0
DA:1652,0
DA:1654,0
DA:1655,0
DA:1656,0
DA:1658,0
DA:1660,0
DA:1664,0
DA:1665,0
DA:1666,0
DA:1668,0
DA:1674,0
DA:1681,0
DA:1695,0
DA:1696,0
DA:1697,0
DA:1698,0
DA:1700,0
DA:1701,0
DA:1702,0
DA:1704,0
DA:1708,0
DA:1716,0
DA:1717,0
DA:1720,0
DA:1721,0
DA:1725,0
DA:1726,0
DA:1728,0
DA:1736,0
DA:1737,0
DA:1740,0
DA:1744,0
DA:1745,0
DA:1748,0
DA:1749,0
DA:1754,0
DA:1755,0
DA:1758,0
DA:1759,0
DA:1760,0
DA:1762,0
DA:1770,0
DA:1773,0
DA:1775,0
DA:1778,0
DA:1779,0
DA:1782,0
DA:1783,0
DA:1784,0
DA:1787,0
DA:1795,0
DA:1796,0
DA:1800,0
DA:1801,0
DA:1811,0
DA:1812,0
DA:1813,0
DA:1814,0
DA:1822,0
DA:1823,0
DA:1824,0
DA:1825,0
DA:1833,0
DA:1834,0
DA:1835,0
DA:1836,0
DA:1837,0
DA:1845,0
DA:1846,0
DA:1847,0
DA:1855,0
DA:1856,0
DA:1857,0
DA:1865,0
DA:1866,0
DA:1867,0
DA:1868,0
DA:1876,0
DA:1877,0
DA:1878,0
DA:1879,0
DA:1887,0
DA:1888,0
DA:1889,0
DA:1893,0
DA:1894,0
DA:1898,0
DA:1899,0
DA:1900,0
DA:1901,0
DA:1906,0
DA:1907,0
DA:1908,0
DA:1909,0
DA:1910,0
DA:1911,0
DA:1912,0
DA:1913,0
DA:1915,0
DA:1919,0
DA:1920,0
DA:1921,0
DA:1922,0
DA:1923,0
DA:1925,0
DA:1934,1
LF:724
LH:1
BRDA:125,0,0,0
BRDA:163,1,0,0
BRDA:163,1,1,0
BRDA:167,2,0,0
BRDA:167,2,1,0
BRDA:176,3,0,0
BRDA:176,3,1,0
BRDA:183,4,0,0
BRDA:183,4,1,0
BRDA:192,5,0,0
BRDA:192,5,1,0
BRDA:208,6,0,0
BRDA:208,6,1,0
BRDA:209,7,0,0
BRDA:209,7,1,0
BRDA:214,8,0,0
BRDA:214,8,1,0
BRDA:214,9,0,0
BRDA:214,9,1,0
BRDA:219,10,0,0
BRDA:219,10,1,0
BRDA:219,11,0,0
BRDA:219,11,1,0
BRDA:228,12,0,0
BRDA:228,12,1,0
BRDA:231,13,0,0
BRDA:231,13,1,0
BRDA:237,14,0,0
BRDA:237,14,1,0
BRDA:241,15,0,0
BRDA:241,15,1,0
BRDA:241,16,0,0
BRDA:241,16,1,0
BRDA:241,16,2,0
BRDA:242,17,0,0
BRDA:242,17,1,0
BRDA:244,18,0,0
BRDA:244,18,1,0
BRDA:248,19,0,0
BRDA:248,19,1,0
BRDA:250,20,0,0
BRDA:250,20,1,0
BRDA:269,21,0,0
BRDA:269,21,1,0
BRDA:272,22,0,0
BRDA:272,22,1,0
BRDA:272,23,0,0
BRDA:272,23,1,0
BRDA:274,24,0,0
BRDA:274,24,1,0
BRDA:280,25,0,0
BRDA:280,25,1,0
BRDA:280,26,0,0
BRDA:280,26,1,0
BRDA:286,27,0,0
BRDA:286,27,1,0
BRDA:289,28,0,0
BRDA:289,28,1,0
BRDA:293,29,0,0
BRDA:293,29,1,0
BRDA:295,30,0,0
BRDA:295,30,1,0
BRDA:300,31,0,0
BRDA:300,31,1,0
BRDA:323,32,0,0
BRDA:323,32,1,0
BRDA:323,33,0,0
BRDA:323,33,1,0
BRDA:339,34,0,0
BRDA:339,34,1,0
BRDA:345,35,0,0
BRDA:345,35,1,0
BRDA:355,36,0,0
BRDA:355,36,1,0
BRDA:369,37,0,0
BRDA:369,37,1,0
BRDA:369,38,0,0
BRDA:369,38,1,0
BRDA:371,39,0,0
BRDA:371,39,1,0
BRDA:373,40,0,0
BRDA:373,40,1,0
BRDA:373,41,0,0
BRDA:373,41,1,0
BRDA:375,42,0,0
BRDA:375,42,1,0
BRDA:377,43,0,0
BRDA:377,43,1,0
BRDA:379,44,0,0
BRDA:379,44,1,0
BRDA:381,45,0,0
BRDA:381,45,1,0
BRDA:383,46,0,0
BRDA:383,46,1,0
BRDA:389,47,0,0
BRDA:389,47,1,0
BRDA:395,48,0,0
BRDA:395,48,1,0
BRDA:401,49,0,0
BRDA:401,49,1,0
BRDA:407,50,0,0
BRDA:407,50,1,0
BRDA:409,51,0,0
BRDA:409,51,1,0
BRDA:415,52,0,0
BRDA:415,52,1,0
BRDA:421,53,0,0
BRDA:421,53,1,0
BRDA:426,54,0,0
BRDA:426,54,1,0
BRDA:426,55,0,0
BRDA:426,55,1,0
BRDA:426,55,2,0
BRDA:426,55,3,0
BRDA:426,55,4,0
BRDA:434,56,0,0
BRDA:434,56,1,0
BRDA:434,57,0,0
BRDA:434,57,1,0
BRDA:434,57,2,0
BRDA:447,58,0,0
BRDA:447,58,1,0
BRDA:447,58,2,0
BRDA:454,59,0,0
BRDA:454,59,1,0
BRDA:457,60,0,0
BRDA:457,60,1,0
BRDA:468,61,0,0
BRDA:468,61,1,0
BRDA:477,62,0,0
BRDA:477,62,1,0
BRDA:487,63,0,0
BRDA:487,63,1,0
BRDA:487,64,0,0
BRDA:487,64,1,0
BRDA:499,65,0,0
BRDA:499,65,1,0
BRDA:508,66,0,0
BRDA:508,66,1,0
BRDA:508,67,0,0
BRDA:508,67,1,0
BRDA:520,68,0,0
BRDA:520,68,1,0
BRDA:524,69,0,0
BRDA:524,69,1,0
BRDA:524,70,0,0
BRDA:524,70,1,0
BRDA:524,70,2,0
BRDA:558,71,0,0
BRDA:558,71,1,0
BRDA:558,72,0,0
BRDA:558,72,1,0
BRDA:558,72,2,0
BRDA:563,73,0,0
BRDA:563,73,1,0
BRDA:563,74,0,0
BRDA:563,74,1,0
BRDA:567,75,0,0
BRDA:567,75,1,0
BRDA:613,76,0,0
BRDA:613,76,1,0
BRDA:616,77,0,0
BRDA:616,77,1,0
BRDA:627,78,0,0
BRDA:627,78,1,0
BRDA:630,79,0,0
BRDA:630,79,1,0
BRDA:631,80,0,0
BRDA:631,80,1,0
BRDA:637,81,0,0
BRDA:637,81,1,0
BRDA:642,82,0,0
BRDA:642,82,1,0
BRDA:648,83,0,0
BRDA:648,83,1,0
BRDA:648,84,0,0
BRDA:648,84,1,0
BRDA:653,85,0,0
BRDA:653,85,1,0
BRDA:661,86,0,0
BRDA:661,86,1,0
BRDA:661,87,0,0
BRDA:661,87,1,0
BRDA:681,88,0,0
BRDA:681,88,1,0
BRDA:690,89,0,0
BRDA:690,89,1,0
BRDA:690,90,0,0
BRDA:690,90,1,0
BRDA:690,90,2,0
BRDA:690,90,3,0
BRDA:710,91,0,0
BRDA:710,91,1,0
BRDA:721,92,0,0
BRDA:721,92,1,0
BRDA:730,93,0,0
BRDA:730,93,1,0
BRDA:732,94,0,0
BRDA:732,94,1,0
BRDA:733,95,0,0
BRDA:733,95,1,0
BRDA:735,96,0,0
BRDA:735,96,1,0
BRDA:747,97,0,0
BRDA:747,97,1,0
BRDA:749,98,0,0
BRDA:749,98,1,0
BRDA:768,99,0,0
BRDA:768,99,1,0
BRDA:773,100,0,0
BRDA:773,100,1,0
BRDA:773,101,0,0
BRDA:773,101,1,0
BRDA:774,102,0,0
BRDA:774,102,1,0
BRDA:777,103,0,0
BRDA:777,103,1,0
BRDA:786,104,0,0
BRDA:786,104,1,0
BRDA:788,105,0,0
BRDA:788,105,1,0
BRDA:820,106,0,0
BRDA:820,106,1,0
BRDA:831,107,0,0
BRDA:831,107,1,0
BRDA:848,108,0,0
BRDA:848,108,1,0
BRDA:848,109,0,0
BRDA:848,109,1,0
BRDA:852,110,0,0
BRDA:852,110,1,0
BRDA:857,111,0,0
BRDA:857,111,1,0
BRDA:869,112,0,0
BRDA:869,112,1,0
BRDA:884,113,0,0
BRDA:884,113,1,0
BRDA:894,114,0,0
BRDA:894,114,1,0
BRDA:894,115,0,0
BRDA:894,115,1,0
BRDA:894,115,2,0
BRDA:907,116,0,0
BRDA:907,116,1,0
BRDA:913,117,0,0
BRDA:913,117,1,0
BRDA:926,118,0,0
BRDA:926,118,1,0
BRDA:931,119,0,0
BRDA:931,119,1,0
BRDA:931,120,0,0
BRDA:931,120,1,0
BRDA:931,120,2,0
BRDA:937,121,0,0
BRDA:937,121,1,0
BRDA:942,122,0,0
BRDA:942,122,1,0
BRDA:942,123,0,0
BRDA:942,123,1,0
BRDA:942,123,2,0
BRDA:955,124,0,0
BRDA:955,124,1,0
BRDA:963,125,0,0
BRDA:963,125,1,0
BRDA:968,126,0,0
BRDA:968,126,1,0
BRDA:971,127,0,0
BRDA:971,127,1,0
BRDA:972,128,0,0
BRDA:972,128,1,0
BRDA:981,129,0,0
BRDA:981,129,1,0
BRDA:1001,130,0,0
BRDA:1001,130,1,0
BRDA:1002,131,0,0
BRDA:1002,131,1,0
BRDA:1007,132,0,0
BRDA:1007,132,1,0
BRDA:1011,133,0,0
BRDA:1011,133,1,0
BRDA:1011,134,0,0
BRDA:1011,134,1,0
BRDA:1012,135,0,0
BRDA:1012,135,1,0
BRDA:1024,136,0,0
BRDA:1024,136,1,0
BRDA:1025,137,0,0
BRDA:1025,137,1,0
BRDA:1042,138,0,0
BRDA:1042,138,1,0
BRDA:1044,139,0,0
BRDA:1044,139,1,0
BRDA:1067,140,0,0
BRDA:1067,140,1,0
BRDA:1080,141,0,0
BRDA:1080,141,1,0
BRDA:1081,142,0,0
BRDA:1081,142,1,0
BRDA:1097,143,0,0
BRDA:1097,143,1,0
BRDA:1097,143,2,0
BRDA:1114,144,0,0
BRDA:1114,144,1,0
BRDA:1115,145,0,0
BRDA:1115,145,1,0
BRDA:1119,146,0,0
BRDA:1119,146,1,0
BRDA:1122,147,0,0
BRDA:1122,147,1,0
BRDA:1126,148,0,0
BRDA:1126,148,1,0
BRDA:1129,149,0,0
BRDA:1129,149,1,0
BRDA:1134,150,0,0
BRDA:1134,150,1,0
BRDA:1138,151,0,0
BRDA:1138,151,1,0
BRDA:1145,152,0,0
BRDA:1145,152,1,0
BRDA:1146,153,0,0
BRDA:1146,153,1,0
BRDA:1147,154,0,0
BRDA:1147,154,1,0
BRDA:1148,155,0,0
BRDA:1148,155,1,0
BRDA:1152,156,0,0
BRDA:1152,156,1,0
BRDA:1169,157,0,0
BRDA:1169,157,1,0
BRDA:1169,158,0,0
BRDA:1169,158,1,0
BRDA:1196,159,0,0
BRDA:1196,159,1,0
BRDA:1200,160,0,0
BRDA:1200,160,1,0
BRDA:1201,161,0,0
BRDA:1201,161,1,0
BRDA:1202,162,0,0
BRDA:1202,162,1,0
BRDA:1205,163,0,0
BRDA:1205,163,1,0
BRDA:1216,164,0,0
BRDA:1216,164,1,0
BRDA:1216,165,0,0
BRDA:1216,165,1,0
BRDA:1232,166,0,0
BRDA:1232,166,1,0
BRDA:1267,167,0,0
BRDA:1267,167,1,0
BRDA:1267,168,0,0
BRDA:1267,168,1,0
BRDA:1267,168,2,0
BRDA:1267,168,3,0
BRDA:1267,168,4,0
BRDA:1267,168,5,0
BRDA:1274,169,0,0
BRDA:1274,169,1,0
BRDA:1281,170,0,0
BRDA:1281,170,1,0
BRDA:1298,171,0,0
BRDA:1298,171,1,0
BRDA:1298,171,2,0
BRDA:1307,172,0,0
BRDA:1307,172,1,0
BRDA:1314,173,0,0
BRDA:1314,173,1,0
BRDA:1322,174,0,0
BRDA:1322,174,1,0
BRDA:1344,175,0,0
BRDA:1344,175,1,0
BRDA:1356,176,0,0
BRDA:1356,176,1,0
BRDA:1361,177,0,0
BRDA:1361,177,1,0
BRDA:1367,178,0,0
BRDA:1367,178,1,0
BRDA:1367,179,0,0
BRDA:1367,179,1,0
BRDA:1367,179,2,0
BRDA:1367,179,3,0
BRDA:1379,180,0,0
BRDA:1379,180,1,0
BRDA:1384,181,0,0
BRDA:1384,181,1,0
BRDA:1390,182,0,0
BRDA:1390,182,1,0
BRDA:1390,183,0,0
BRDA:1390,183,1,0
BRDA:1390,183,2,0
BRDA:1390,183,3,0
BRDA:1403,184,0,0
BRDA:1403,184,1,0
BRDA:1410,185,0,0
BRDA:1410,185,1,0
BRDA:1414,186,0,0
BRDA:1414,186,1,0
BRDA:1417,187,0,0
BRDA:1417,187,1,0
BRDA:1417,187,2,0
BRDA:1422,188,0,0
BRDA:1422,188,1,0
BRDA:1438,189,0,0
BRDA:1438,189,1,0
BRDA:1472,190,0,0
BRDA:1472,190,1,0
BRDA:1486,191,0,0
BRDA:1486,191,1,0
BRDA:1494,192,0,0
BRDA:1494,192,1,0
BRDA:1497,193,0,0
BRDA:1497,193,1,0
BRDA:1500,194,0,0
BRDA:1500,194,1,0
BRDA:1502,195,0,0
BRDA:1502,195,1,0
BRDA:1502,196,0,0
BRDA:1502,196,1,0
BRDA:1529,197,0,0
BRDA:1529,197,1,0
BRDA:1564,198,0,0
BRDA:1564,198,1,0
BRDA:1579,199,0,0
BRDA:1579,199,1,0
BRDA:1589,200,0,0
BRDA:1589,200,1,0
BRDA:1590,201,0,0
BRDA:1590,201,1,0
BRDA:1591,202,0,0
BRDA:1591,202,1,0
BRDA:1594,203,0,0
BRDA:1594,203,1,0
BRDA:1602,204,0,0
BRDA:1602,204,1,0
BRDA:1611,205,0,0
BRDA:1611,205,1,0
BRDA:1620,206,0,0
BRDA:1620,206,1,0
BRDA:1632,207,0,0
BRDA:1632,207,1,0
BRDA:1652,208,0,0
BRDA:1652,208,1,0
BRDA:1654,209,0,0
BRDA:1654,209,1,0
BRDA:1654,210,0,0
BRDA:1654,210,1,0
BRDA:1655,211,0,0
BRDA:1655,211,1,0
BRDA:1664,212,0,0
BRDA:1664,212,1,0
BRDA:1665,213,0,0
BRDA:1665,213,1,0
BRDA:1666,214,0,0
BRDA:1666,214,1,0
BRDA:1695,215,0,0
BRDA:1695,215,1,0
BRDA:1695,216,0,0
BRDA:1695,216,1,0
BRDA:1697,217,0,0
BRDA:1697,217,1,0
BRDA:1716,218,0,0
BRDA:1716,218,1,0
BRDA:1716,219,0,0
BRDA:1716,219,1,0
BRDA:1716,219,2,0
BRDA:1720,220,0,0
BRDA:1720,220,1,0
BRDA:1736,221,0,0
BRDA:1736,221,1,0
BRDA:1744,222,0,0
BRDA:1744,222,1,0
BRDA:1773,223,0,0
BRDA:1773,223,1,0
BRDA:1773,224,0,0
BRDA:1773,224,1,0
BRDA:1795,225,0,0
BRDA:1795,225,1,0
BRDA:1796,226,0,0
BRDA:1796,226,1,0
BRDA:1797,227,0,0
BRDA:1797,227,1,0
BRDA:1801,228,0,0
BRDA:1801,228,1,0
BRDA:1802,229,0,0
BRDA:1802,229,1,0
BRDA:1865,230,0,0
BRDA:1865,230,1,0
BRDA:1876,231,0,0
BRDA:1876,231,1,0
BRDA:1887,232,0,0
BRDA:1887,232,1,0
BRDA:1893,233,0,0
BRDA:1893,233,1,0
BRDA:1893,234,0,0
BRDA:1893,234,1,0
BRDA:1907,235,0,0
BRDA:1907,235,1,0
BRDA:1912,236,0,0
BRDA:1912,236,1,0
BRDA:1922,237,0,0
BRDA:1922,237,1,0
BRF:500
BRH:0
end_of_record
